2017-07-24 19:35:27,925 INFO  MainClass:184 - Worker started up on host 'nb-jowo'
2017-07-24 19:35:28,424 INFO  DemoJob:28 - Progress: mask = ?l?d?d?d for job = DemoJob
2017-07-24 19:35:28,941 INFO  DemoJob:28 - Progress: mask = ?l?d?l for job = DemoJob
2017-07-24 19:35:29,447 INFO  DemoJob:28 - Progress: mask = ?l?d?d?d?d?d?d for job = DemoJob
2017-07-24 19:35:29,955 INFO  DemoJob:28 - Progress: mask = ?u?u?u?u for job = DemoJob
2017-07-24 19:35:30,460 INFO  DemoJob:28 - Progress: mask = ?l?l?l?l?l?l for job = DemoJob
2017-07-24 19:35:31,001 INFO  DemoJob:28 - Progress: mask = ?d?d?d?l for job = DemoJob
2017-07-24 19:35:31,507 INFO  DemoJob:28 - Progress: mask = ?u?u?d for job = DemoJob
2017-07-24 19:35:32,016 INFO  DemoJob:28 - Progress: mask = ?d?d?d?d?d?d?l for job = DemoJob
2017-07-24 19:35:32,520 INFO  DemoJob:28 - Progress: mask = ?s?d?d for job = DemoJob
2017-07-24 19:35:33,024 INFO  DemoJob:28 - Progress: mask = ?u?d?d?d?d for job = DemoJob
2017-07-24 19:35:33,027 INFO  Worker:47 - Finished job 'DemoJob [masks=[?l?d?d?d, ?l?d?l, ?l?d?d?d?d?d?d, ?u?u?u?u, ?l?l?l?l?l?l, ?d?d?d?l, ?u?u?d, ?d?d?d?d?d?d?l, ?s?d?d, ?u?d?d?d?d]]' in '5104 ms'
2017-07-24 19:35:33,030 DEBUG Worker:35 - submitJob(DemoJob [masks=[?d?d?l?l?l, ?d?d?l?l, ?u?u?u?u?d?d, ?l?l?d?d?d?d?d, ?l?d?d?l?d?d, ?u?l?l?l?l, ?u?u?d?d?d, ?d?d?l?l?d?d, ?u?d?u, ?u?u?u?d?d?d]])
2017-07-24 19:35:33,530 INFO  DemoJob:28 - Progress: mask = ?d?d?l?l?l for job = DemoJob
2017-07-24 19:35:34,032 INFO  DemoJob:28 - Progress: mask = ?d?d?l?l for job = DemoJob
2017-07-24 19:35:34,538 INFO  DemoJob:28 - Progress: mask = ?u?u?u?u?d?d for job = DemoJob
2017-07-24 19:35:35,040 INFO  DemoJob:28 - Progress: mask = ?l?l?d?d?d?d?d for job = DemoJob
2017-07-24 19:35:35,544 INFO  DemoJob:28 - Progress: mask = ?l?d?d?l?d?d for job = DemoJob
2017-07-24 19:35:36,046 INFO  DemoJob:28 - Progress: mask = ?u?l?l?l?l for job = DemoJob
2017-07-24 19:35:36,549 INFO  DemoJob:28 - Progress: mask = ?u?u?d?d?d for job = DemoJob
2017-07-24 19:35:37,053 INFO  DemoJob:28 - Progress: mask = ?d?d?l?l?d?d for job = DemoJob
2017-07-24 19:35:37,556 INFO  DemoJob:28 - Progress: mask = ?u?d?u for job = DemoJob
2017-07-24 19:35:38,060 INFO  DemoJob:28 - Progress: mask = ?u?u?u?d?d?d for job = DemoJob
2017-07-24 19:35:38,061 INFO  Worker:47 - Finished job 'DemoJob [masks=[?d?d?l?l?l, ?d?d?l?l, ?u?u?u?u?d?d, ?l?l?d?d?d?d?d, ?l?d?d?l?d?d, ?u?l?l?l?l, ?u?u?d?d?d, ?d?d?l?l?d?d, ?u?d?u, ?u?u?u?d?d?d]]' in '5031 ms'
2017-07-24 19:35:38,064 DEBUG Worker:35 - submitJob(DemoJob [masks=[?d?d?d?s, ?l?d?l?d?d, ?d?d?l?d?d?d, ?l?l?l?l?l?d?d, ?u?d?d?d?d?d?d, ?l?l?l?l?d?d?d, ?l?d?l?d?l?d, ?s?s?s, ?d?d?d?l?d?d, ?d?s?d?d]])
2017-07-24 19:35:38,565 INFO  DemoJob:28 - Progress: mask = ?d?d?d?s for job = DemoJob
2017-07-24 19:35:39,069 INFO  DemoJob:28 - Progress: mask = ?l?d?l?d?d for job = DemoJob
2017-07-24 19:35:39,572 INFO  DemoJob:28 - Progress: mask = ?d?d?l?d?d?d for job = DemoJob
2017-07-24 19:35:40,075 INFO  DemoJob:28 - Progress: mask = ?l?l?l?l?l?d?d for job = DemoJob
2017-07-24 19:35:40,579 INFO  DemoJob:28 - Progress: mask = ?u?d?d?d?d?d?d for job = DemoJob
2017-07-24 19:35:41,081 INFO  DemoJob:28 - Progress: mask = ?l?l?l?l?d?d?d for job = DemoJob
2017-07-24 19:35:41,588 INFO  DemoJob:28 - Progress: mask = ?l?d?l?d?l?d for job = DemoJob
2017-07-24 19:35:42,090 INFO  DemoJob:28 - Progress: mask = ?s?s?s for job = DemoJob
2017-07-24 19:35:42,593 INFO  DemoJob:28 - Progress: mask = ?d?d?d?l?d?d for job = DemoJob
2017-07-24 19:35:43,095 INFO  DemoJob:28 - Progress: mask = ?d?s?d?d for job = DemoJob
2017-07-24 19:35:43,097 INFO  Worker:47 - Finished job 'DemoJob [masks=[?d?d?d?s, ?l?d?l?d?d, ?d?d?l?d?d?d, ?l?l?l?l?l?d?d, ?u?d?d?d?d?d?d, ?l?l?l?l?d?d?d, ?l?d?l?d?l?d, ?s?s?s, ?d?d?d?l?d?d, ?d?s?d?d]]' in '5032 ms'
2017-07-24 19:35:43,105 DEBUG Worker:35 - submitJob(DemoJob [masks=[?d?u?u, ?d?l?l?l?d, ?l?d?l?d?d?d, ?d?s?d?d?d, ?u?l?d?d?d?d, ?u?s?u, ?l?d?l?l?d, ?d?d?d?d?l?l?l, ?d?d?d?u?u, ?l?l?d?d?l?l]])
2017-07-24 19:35:43,606 INFO  DemoJob:28 - Progress: mask = ?d?u?u for job = DemoJob
2017-07-24 19:35:44,109 INFO  DemoJob:28 - Progress: mask = ?d?l?l?l?d for job = DemoJob
2017-07-24 19:35:44,613 INFO  DemoJob:28 - Progress: mask = ?l?d?l?d?d?d for job = DemoJob
2017-07-24 19:35:45,116 INFO  DemoJob:28 - Progress: mask = ?d?s?d?d?d for job = DemoJob
2017-07-24 19:35:45,620 INFO  DemoJob:28 - Progress: mask = ?u?l?d?d?d?d for job = DemoJob
2017-07-24 19:35:46,122 INFO  DemoJob:28 - Progress: mask = ?u?s?u for job = DemoJob
2017-07-24 19:35:46,626 INFO  DemoJob:28 - Progress: mask = ?l?d?l?l?d for job = DemoJob
2017-07-24 19:35:47,128 INFO  DemoJob:28 - Progress: mask = ?d?d?d?d?l?l?l for job = DemoJob
2017-07-24 19:35:47,631 INFO  DemoJob:28 - Progress: mask = ?d?d?d?u?u for job = DemoJob
2017-07-24 19:35:48,135 INFO  DemoJob:28 - Progress: mask = ?l?l?d?d?l?l for job = DemoJob
2017-07-24 19:35:48,138 INFO  Worker:47 - Finished job 'DemoJob [masks=[?d?u?u, ?d?l?l?l?d, ?l?d?l?d?d?d, ?d?s?d?d?d, ?u?l?d?d?d?d, ?u?s?u, ?l?d?l?l?d, ?d?d?d?d?l?l?l, ?d?d?d?u?u, ?l?l?d?d?l?l]]' in '5033 ms'
2017-07-24 19:35:48,144 DEBUG Worker:35 - submitJob(DemoJob [masks=[?s?l?l, ?u?u?s, ?d?d?d?s?d?d, ?d?l?l?l?l?d, ?l?l?l?s, ?l?l?d?d?d?l, ?d?d?d?d?d?d?d?l, ?s?d?d?d?d?d, ?l?l?l?d?d?l, ?d?d?d?d?s?d]])
2017-07-24 19:35:48,646 INFO  DemoJob:28 - Progress: mask = ?s?l?l for job = DemoJob
2017-07-24 19:35:49,148 INFO  DemoJob:28 - Progress: mask = ?u?u?s for job = DemoJob
2017-07-24 19:35:49,654 INFO  DemoJob:28 - Progress: mask = ?d?d?d?s?d?d for job = DemoJob
2017-07-24 19:35:50,156 INFO  DemoJob:28 - Progress: mask = ?d?l?l?l?l?d for job = DemoJob
2017-07-24 19:35:50,658 INFO  DemoJob:28 - Progress: mask = ?l?l?l?s for job = DemoJob
2017-07-24 19:35:51,161 INFO  DemoJob:28 - Progress: mask = ?l?l?d?d?d?l for job = DemoJob
2017-07-24 19:35:51,663 INFO  DemoJob:28 - Progress: mask = ?d?d?d?d?d?d?d?l for job = DemoJob
2017-07-24 19:35:52,166 INFO  DemoJob:28 - Progress: mask = ?s?d?d?d?d?d for job = DemoJob
2017-07-24 19:35:52,669 INFO  DemoJob:28 - Progress: mask = ?l?l?l?d?d?l for job = DemoJob
2017-07-24 19:35:53,171 INFO  DemoJob:28 - Progress: mask = ?d?d?d?d?s?d for job = DemoJob
2017-07-24 19:35:53,174 INFO  Worker:47 - Finished job 'DemoJob [masks=[?s?l?l, ?u?u?s, ?d?d?d?s?d?d, ?d?l?l?l?l?d, ?l?l?l?s, ?l?l?d?d?d?l, ?d?d?d?d?d?d?d?l, ?s?d?d?d?d?d, ?l?l?l?d?d?l, ?d?d?d?d?s?d]]' in '5029 ms'
2017-07-24 19:35:53,180 DEBUG Worker:35 - submitJob(DemoJob [masks=[?u?l?u, ?l?u?l, ?l?l?u, ?d?d?l?d?l, ?l?d?d?l?l?l, ?l?l?d?l?l?d, ?d?d?u?d?d, ?d?d?d?d?d?d?s, ?l?l?l?d?l?l, ?l?l?l?l?d?d?d?d]])
2017-07-24 19:35:53,682 INFO  DemoJob:28 - Progress: mask = ?u?l?u for job = DemoJob
2017-07-24 19:35:54,183 INFO  DemoJob:28 - Progress: mask = ?l?u?l for job = DemoJob
2017-07-24 19:35:54,688 INFO  DemoJob:28 - Progress: mask = ?l?l?u for job = DemoJob
2017-07-24 19:35:55,190 INFO  DemoJob:28 - Progress: mask = ?d?d?l?d?l for job = DemoJob
2017-07-24 19:35:55,693 INFO  DemoJob:28 - Progress: mask = ?l?d?d?l?l?l for job = DemoJob
2017-07-24 19:35:56,195 INFO  DemoJob:28 - Progress: mask = ?l?l?d?l?l?d for job = DemoJob
2017-07-24 19:35:56,699 INFO  DemoJob:28 - Progress: mask = ?d?d?u?d?d for job = DemoJob
2017-07-24 19:35:57,203 INFO  DemoJob:28 - Progress: mask = ?d?d?d?d?d?d?s for job = DemoJob
2017-07-24 19:35:57,705 INFO  DemoJob:28 - Progress: mask = ?l?l?l?d?l?l for job = DemoJob
2017-07-24 19:35:58,207 INFO  DemoJob:28 - Progress: mask = ?l?l?l?l?d?d?d?d for job = DemoJob
2017-07-24 19:35:58,212 INFO  Worker:47 - Finished job 'DemoJob [masks=[?u?l?u, ?l?u?l, ?l?l?u, ?d?d?l?d?l, ?l?d?d?l?l?l, ?l?l?d?l?l?d, ?d?d?u?d?d, ?d?d?d?d?d?d?s, ?l?l?l?d?l?l, ?l?l?l?l?d?d?d?d]]' in '5030 ms'
2017-07-24 19:35:58,219 DEBUG Worker:35 - submitJob(DemoJob [masks=[?s?d?d?d?s, ?d?d?d?u, ?d?d?d?d?s?s, ?d?l?d?l?d?d, ?l?l?l?d?l?d, ?u?u?d?d?d?d?d, ?d?l?d?d?l?d, ?d?u?u?u?u, ?l?l?d?d?l?d, ?d?d?d?d?d?d?l?l]])
2017-07-24 19:35:58,721 INFO  DemoJob:28 - Progress: mask = ?s?d?d?d?s for job = DemoJob
2017-07-24 19:35:59,223 INFO  DemoJob:28 - Progress: mask = ?d?d?d?u for job = DemoJob
2017-07-24 19:35:59,726 INFO  DemoJob:28 - Progress: mask = ?d?d?d?d?s?s for job = DemoJob
2017-07-24 19:36:00,229 INFO  DemoJob:28 - Progress: mask = ?d?l?d?l?d?d for job = DemoJob
2017-07-24 19:36:00,732 INFO  DemoJob:28 - Progress: mask = ?l?l?l?d?l?d for job = DemoJob
2017-07-24 19:36:01,235 INFO  DemoJob:28 - Progress: mask = ?u?u?d?d?d?d?d for job = DemoJob
2017-07-24 19:36:01,739 INFO  DemoJob:28 - Progress: mask = ?d?l?d?d?l?d for job = DemoJob
2017-07-24 19:36:02,241 INFO  DemoJob:28 - Progress: mask = ?d?u?u?u?u for job = DemoJob
2017-07-24 19:36:02,748 INFO  DemoJob:28 - Progress: mask = ?l?l?d?d?l?d for job = DemoJob
2017-07-24 19:36:03,251 INFO  DemoJob:28 - Progress: mask = ?d?d?d?d?d?d?l?l for job = DemoJob
2017-07-24 19:36:03,254 INFO  Worker:47 - Finished job 'DemoJob [masks=[?s?d?d?d?s, ?d?d?d?u, ?d?d?d?d?s?s, ?d?l?d?l?d?d, ?l?l?l?d?l?d, ?u?u?d?d?d?d?d, ?d?l?d?d?l?d, ?d?u?u?u?u, ?l?l?d?d?l?d, ?d?d?d?d?d?d?l?l]]' in '5033 ms'
2017-07-24 19:36:03,258 DEBUG Worker:35 - submitJob(DemoJob [masks=[?l?d?l?d?l?l, ?d?s?d?s?d, ?d?l?d?d?d?l, ?u?u?l?l, ?d?d?l?d?d?d?d, ?d?d?d?l?l?l?l, ?d?d?d?l?d?l, ?l?s?l?l, ?u?l?l?l?u, ?l?l?l?l?s?d]])
2017-07-24 19:36:03,762 INFO  DemoJob:28 - Progress: mask = ?l?d?l?d?l?l for job = DemoJob
2017-07-24 19:36:04,264 INFO  DemoJob:28 - Progress: mask = ?d?s?d?s?d for job = DemoJob
2017-07-24 19:36:04,768 INFO  DemoJob:28 - Progress: mask = ?d?l?d?d?d?l for job = DemoJob
2017-07-24 19:36:05,270 INFO  DemoJob:28 - Progress: mask = ?u?u?l?l for job = DemoJob
2017-07-24 19:36:05,773 INFO  DemoJob:28 - Progress: mask = ?d?d?l?d?d?d?d for job = DemoJob
2017-07-24 19:36:06,276 INFO  DemoJob:28 - Progress: mask = ?d?d?d?l?l?l?l for job = DemoJob
2017-07-24 19:36:06,778 INFO  DemoJob:28 - Progress: mask = ?d?d?d?l?d?l for job = DemoJob
2017-07-24 19:36:07,281 INFO  DemoJob:28 - Progress: mask = ?l?s?l?l for job = DemoJob
2017-07-24 19:36:07,783 INFO  DemoJob:28 - Progress: mask = ?u?l?l?l?u for job = DemoJob
2017-07-24 19:36:08,286 INFO  DemoJob:28 - Progress: mask = ?l?l?l?l?s?d for job = DemoJob
2017-07-24 19:36:08,288 INFO  Worker:47 - Finished job 'DemoJob [masks=[?l?d?l?d?l?l, ?d?s?d?s?d, ?d?l?d?d?d?l, ?u?u?l?l, ?d?d?l?d?d?d?d, ?d?d?d?l?l?l?l, ?d?d?d?l?d?l, ?l?s?l?l, ?u?l?l?l?u, ?l?l?l?l?s?d]]' in '5027 ms'
2017-07-24 19:36:08,292 DEBUG Worker:35 - submitJob(DemoJob [masks=[?u?l?u?l?u, ?u?u?u?u?d?d?d, ?u?d?u?d?u, ?l?u?u?u?u, ?u?l?l?u, ?u?d?u?d?u?d, ?d?u?l?l, ?u?u?d?u, ?l?d?d?d?d?s, ?u?d?d?d?d?l]])
2017-07-24 19:36:08,794 INFO  DemoJob:28 - Progress: mask = ?u?l?u?l?u for job = DemoJob
2017-07-24 19:36:09,297 INFO  DemoJob:28 - Progress: mask = ?u?u?u?u?d?d?d for job = DemoJob
2017-07-24 19:36:09,800 INFO  DemoJob:28 - Progress: mask = ?u?d?u?d?u for job = DemoJob
2017-07-24 19:36:10,304 INFO  DemoJob:28 - Progress: mask = ?l?u?u?u?u for job = DemoJob
2017-07-24 19:36:10,806 INFO  DemoJob:28 - Progress: mask = ?u?l?l?u for job = DemoJob
2017-07-24 19:36:11,308 INFO  DemoJob:28 - Progress: mask = ?u?d?u?d?u?d for job = DemoJob
2017-07-24 19:36:11,810 INFO  DemoJob:28 - Progress: mask = ?d?u?l?l for job = DemoJob
2017-07-24 19:36:12,313 INFO  DemoJob:28 - Progress: mask = ?u?u?d?u for job = DemoJob
2017-07-24 19:36:12,815 INFO  DemoJob:28 - Progress: mask = ?l?d?d?d?d?s for job = DemoJob
2017-07-24 19:36:13,318 INFO  DemoJob:28 - Progress: mask = ?u?d?d?d?d?l for job = DemoJob
2017-07-24 19:36:13,320 INFO  Worker:47 - Finished job 'DemoJob [masks=[?u?l?u?l?u, ?u?u?u?u?d?d?d, ?u?d?u?d?u, ?l?u?u?u?u, ?u?l?l?u, ?u?d?u?d?u?d, ?d?u?l?l, ?u?u?d?u, ?l?d?d?d?d?s, ?u?d?d?d?d?l]]' in '5027 ms'
2017-07-24 19:36:13,325 DEBUG Worker:35 - submitJob(DemoJob [masks=[?u?d?u?u?u, ?s?l?l?l?l, ?d?d?s?d?d?d?d, ?d?l?l?d?l?d, ?d?d?l?l?l?l?l, ?d?l?l?d?d?l, ?d?u?u?u?u?u, ?u?d?u?u?d, ?u?d?u?d?d?d, ?d?l?d?d?l?l]])
2017-07-24 19:36:13,826 INFO  DemoJob:28 - Progress: mask = ?u?d?u?u?u for job = DemoJob
2017-07-24 19:36:14,329 INFO  DemoJob:28 - Progress: mask = ?s?l?l?l?l for job = DemoJob
2017-07-24 19:36:14,831 INFO  DemoJob:28 - Progress: mask = ?d?d?s?d?d?d?d for job = DemoJob
2017-07-24 19:36:15,334 INFO  DemoJob:28 - Progress: mask = ?d?l?l?d?l?d for job = DemoJob
2017-07-24 19:36:15,835 INFO  DemoJob:28 - Progress: mask = ?d?d?l?l?l?l?l for job = DemoJob
2017-07-24 19:36:16,338 INFO  DemoJob:28 - Progress: mask = ?d?l?l?d?d?l for job = DemoJob
2017-07-24 19:36:16,841 INFO  DemoJob:28 - Progress: mask = ?d?u?u?u?u?u for job = DemoJob
2017-07-24 19:36:17,343 INFO  DemoJob:28 - Progress: mask = ?u?d?u?u?d for job = DemoJob
2017-07-24 19:36:17,846 INFO  DemoJob:28 - Progress: mask = ?u?d?u?d?d?d for job = DemoJob
2017-07-24 19:36:18,348 INFO  DemoJob:28 - Progress: mask = ?d?l?d?d?l?l for job = DemoJob
2017-07-24 19:36:18,351 INFO  Worker:47 - Finished job 'DemoJob [masks=[?u?d?u?u?u, ?s?l?l?l?l, ?d?d?s?d?d?d?d, ?d?l?l?d?l?d, ?d?d?l?l?l?l?l, ?d?l?l?d?d?l, ?d?u?u?u?u?u, ?u?d?u?u?d, ?u?d?u?d?d?d, ?d?l?d?d?l?l]]' in '5024 ms'
2017-07-24 19:36:18,355 DEBUG Worker:35 - submitJob(DemoJob [masks=[?u?u?u?l, ?d?d?l?l?d?d?d, ?l?l?l?s?s, ?u?d?d?l?d, ?l?u?d?d?d, ?d?d?u?u?d, ?l?u?d?d?d?d, ?d?d?d?d?d?l?d, ?d?u?u?u?d, ?s?s?d?d?d?d]])
2017-07-24 19:36:18,857 INFO  DemoJob:28 - Progress: mask = ?u?u?u?l for job = DemoJob
2017-07-24 19:36:19,359 INFO  DemoJob:28 - Progress: mask = ?d?d?l?l?d?d?d for job = DemoJob
2017-07-24 19:36:19,862 INFO  DemoJob:28 - Progress: mask = ?l?l?l?s?s for job = DemoJob
2017-07-24 19:36:20,364 INFO  DemoJob:28 - Progress: mask = ?u?d?d?l?d for job = DemoJob
2017-07-24 19:36:20,867 INFO  DemoJob:28 - Progress: mask = ?l?u?d?d?d for job = DemoJob
2017-07-24 19:36:21,370 INFO  DemoJob:28 - Progress: mask = ?d?d?u?u?d for job = DemoJob
2017-07-24 19:36:21,873 INFO  DemoJob:28 - Progress: mask = ?l?u?d?d?d?d for job = DemoJob
2017-07-24 19:36:22,376 INFO  DemoJob:28 - Progress: mask = ?d?d?d?d?d?l?d for job = DemoJob
2017-07-24 19:36:22,879 INFO  DemoJob:28 - Progress: mask = ?d?u?u?u?d for job = DemoJob
2017-07-24 19:36:23,381 INFO  DemoJob:28 - Progress: mask = ?s?s?d?d?d?d for job = DemoJob
2017-07-24 19:36:23,383 INFO  Worker:47 - Finished job 'DemoJob [masks=[?u?u?u?l, ?d?d?l?l?d?d?d, ?l?l?l?s?s, ?u?d?d?l?d, ?l?u?d?d?d, ?d?d?u?u?d, ?l?u?d?d?d?d, ?d?d?d?d?d?l?d, ?d?u?u?u?d, ?s?s?d?d?d?d]]' in '5027 ms'
2017-07-24 19:36:23,389 DEBUG Worker:35 - submitJob(DemoJob [masks=[?d?d?d?d?d?d?d?u, ?d?d?d?d?d?s?d, ?u?u?s?d?d, ?d?d?d?d?d?u?u, ?u?d?l?l?l, ?u?u?d?d?u?u, ?u?d?l?l?d, ?d?d?u?d?u, ?u?d?l?d?d, ?d?l?l?l?l?l?l]])
2017-07-24 19:36:23,891 INFO  DemoJob:28 - Progress: mask = ?d?d?d?d?d?d?d?u for job = DemoJob
2017-07-24 19:36:24,393 INFO  DemoJob:28 - Progress: mask = ?d?d?d?d?d?s?d for job = DemoJob
2017-07-24 19:36:24,896 INFO  DemoJob:28 - Progress: mask = ?u?u?s?d?d for job = DemoJob
2017-07-24 19:36:25,398 INFO  DemoJob:28 - Progress: mask = ?d?d?d?d?d?u?u for job = DemoJob
2017-07-24 19:36:25,902 INFO  DemoJob:28 - Progress: mask = ?u?d?l?l?l for job = DemoJob
2017-07-24 19:36:26,404 INFO  DemoJob:28 - Progress: mask = ?u?u?d?d?u?u for job = DemoJob
2017-07-24 19:36:26,907 INFO  DemoJob:28 - Progress: mask = ?u?d?l?l?d for job = DemoJob
2017-07-24 19:36:27,409 INFO  DemoJob:28 - Progress: mask = ?d?d?u?d?u for job = DemoJob
2017-07-24 19:36:27,910 INFO  DemoJob:28 - Progress: mask = ?u?d?l?d?d for job = DemoJob
2017-07-24 19:36:28,410 INFO  DemoJob:28 - Progress: mask = ?d?l?l?l?l?l?l for job = DemoJob
2017-07-24 19:36:28,411 INFO  Worker:47 - Finished job 'DemoJob [masks=[?d?d?d?d?d?d?d?u, ?d?d?d?d?d?s?d, ?u?u?s?d?d, ?d?d?d?d?d?u?u, ?u?d?l?l?l, ?u?u?d?d?u?u, ?u?d?l?l?d, ?d?d?u?d?u, ?u?d?l?d?d, ?d?l?l?l?l?l?l]]' in '5021 ms'
2017-07-24 19:36:28,412 DEBUG Worker:35 - submitJob(DemoJob [masks=[?d?d?d?d?l?l?l?l, ?d?u?u?u?u?d, ?l?l?s?l?l?l, ?l?l?u?d?d?d, ?d?d?d?u?l, ?u?l?u?l?d, ?u?u?u?u?l, ?l?d?d?d?s, ?l?u?l?d?d?d, ?l?l?l?l?d?s]])
2017-07-24 19:36:28,914 INFO  DemoJob:28 - Progress: mask = ?d?d?d?d?l?l?l?l for job = DemoJob
2017-07-24 19:36:29,417 INFO  DemoJob:28 - Progress: mask = ?d?u?u?u?u?d for job = DemoJob
2017-07-24 19:36:29,919 INFO  DemoJob:28 - Progress: mask = ?l?l?s?l?l?l for job = DemoJob
2017-07-24 19:36:30,422 INFO  DemoJob:28 - Progress: mask = ?l?l?u?d?d?d for job = DemoJob
2017-07-24 19:36:30,924 INFO  DemoJob:28 - Progress: mask = ?d?d?d?u?l for job = DemoJob
2017-07-24 19:36:31,427 INFO  DemoJob:28 - Progress: mask = ?u?l?u?l?d for job = DemoJob
2017-07-24 19:36:31,929 INFO  DemoJob:28 - Progress: mask = ?u?u?u?u?l for job = DemoJob
2017-07-24 19:36:32,432 INFO  DemoJob:28 - Progress: mask = ?l?d?d?d?s for job = DemoJob
2017-07-24 19:36:32,934 INFO  DemoJob:28 - Progress: mask = ?l?u?l?d?d?d for job = DemoJob
2017-07-24 19:36:33,437 INFO  DemoJob:28 - Progress: mask = ?l?l?l?l?d?s for job = DemoJob
2017-07-24 19:36:33,439 INFO  Worker:47 - Finished job 'DemoJob [masks=[?d?d?d?d?l?l?l?l, ?d?u?u?u?u?d, ?l?l?s?l?l?l, ?l?l?u?d?d?d, ?d?d?d?u?l, ?u?l?u?l?d, ?u?u?u?u?l, ?l?d?d?d?s, ?l?u?l?d?d?d, ?l?l?l?l?d?s]]' in '5026 ms'
2017-07-24 19:36:33,443 DEBUG Worker:35 - submitJob(DemoJob [masks=[?l?l?l?l?s?s, ?u?u?u?u?u?u?u, ?l?l?l?d?s, ?l?l?l?s?l?l, ?d?u?u?d?d?d, ?u?u?u?u?d?u, ?d?u?l?l?l, ?u?d?d?l?d?d, ?d?d?d?u?u?d, ?l?d?d?d?l?l?l]])
2017-07-24 19:36:33,945 INFO  DemoJob:28 - Progress: mask = ?l?l?l?l?s?s for job = DemoJob
2017-07-24 19:36:34,447 INFO  DemoJob:28 - Progress: mask = ?u?u?u?u?u?u?u for job = DemoJob
2017-07-24 19:36:34,950 INFO  DemoJob:28 - Progress: mask = ?l?l?l?d?s for job = DemoJob
2017-07-24 19:36:35,452 INFO  DemoJob:28 - Progress: mask = ?l?l?l?s?l?l for job = DemoJob
2017-07-24 19:36:35,955 INFO  DemoJob:28 - Progress: mask = ?d?u?u?d?d?d for job = DemoJob
2017-07-24 19:36:36,458 INFO  DemoJob:28 - Progress: mask = ?u?u?u?u?d?u for job = DemoJob
2017-07-24 19:36:36,961 INFO  DemoJob:28 - Progress: mask = ?d?u?l?l?l for job = DemoJob
2017-07-24 19:36:37,464 INFO  DemoJob:28 - Progress: mask = ?u?d?d?l?d?d for job = DemoJob
2017-07-24 19:36:37,966 INFO  DemoJob:28 - Progress: mask = ?d?d?d?u?u?d for job = DemoJob
2017-07-24 19:36:38,469 INFO  DemoJob:28 - Progress: mask = ?l?d?d?d?l?l?l for job = DemoJob
2017-07-24 19:36:38,471 INFO  Worker:47 - Finished job 'DemoJob [masks=[?l?l?l?l?s?s, ?u?u?u?u?u?u?u, ?l?l?l?d?s, ?l?l?l?s?l?l, ?d?u?u?d?d?d, ?u?u?u?u?d?u, ?d?u?l?l?l, ?u?d?d?l?d?d, ?d?d?d?u?u?d, ?l?d?d?d?l?l?l]]' in '5026 ms'
2017-07-24 19:36:38,476 DEBUG Worker:35 - submitJob(DemoJob [masks=[?u?u?u?l?l, ?s?l?l?l?l?l, ?l?d?d?s?d?d, ?l?l?l?s?d?d?d, ?l?l?u?u?u, ?d?d?s?d?d?s?d?d, ?d?l?l?l?d?d?d, ?u?u?s?u?u, ?u?u?u?d?d?u, ?d?d?d?d?d?l?l?l]])
2017-07-24 19:36:38,978 INFO  DemoJob:28 - Progress: mask = ?u?u?u?l?l for job = DemoJob
2017-07-24 19:36:39,480 INFO  DemoJob:28 - Progress: mask = ?s?l?l?l?l?l for job = DemoJob
2017-07-24 19:36:39,983 INFO  DemoJob:28 - Progress: mask = ?l?d?d?s?d?d for job = DemoJob
2017-07-24 19:36:40,485 INFO  DemoJob:28 - Progress: mask = ?l?l?l?s?d?d?d for job = DemoJob
2017-07-24 19:36:40,988 INFO  DemoJob:28 - Progress: mask = ?l?l?u?u?u for job = DemoJob
2017-07-24 19:36:41,491 INFO  DemoJob:28 - Progress: mask = ?d?d?s?d?d?s?d?d for job = DemoJob
2017-07-24 19:36:41,993 INFO  DemoJob:28 - Progress: mask = ?d?l?l?l?d?d?d for job = DemoJob
2017-07-24 19:36:42,496 INFO  DemoJob:28 - Progress: mask = ?u?u?s?u?u for job = DemoJob
2017-07-24 19:36:42,998 INFO  DemoJob:28 - Progress: mask = ?u?u?u?d?d?u for job = DemoJob
2017-07-24 19:36:43,501 INFO  DemoJob:28 - Progress: mask = ?d?d?d?d?d?l?l?l for job = DemoJob
2017-07-24 19:36:43,501 INFO  Worker:47 - Finished job 'DemoJob [masks=[?u?u?u?l?l, ?s?l?l?l?l?l, ?l?d?d?s?d?d, ?l?l?l?s?d?d?d, ?l?l?u?u?u, ?d?d?s?d?d?s?d?d, ?d?l?l?l?d?d?d, ?u?u?s?u?u, ?u?u?u?d?d?u, ?d?d?d?d?d?l?l?l]]' in '5024 ms'
2017-07-24 19:36:43,505 DEBUG Worker:35 - submitJob(DemoJob [masks=[?s?d?l?l?l?l, ?l?s?l?l?d, ?u?d?d?u?u?u, ?l?d?l?d?s, ?u?u?u?s?u, ?d?d?d?d?l?u, ?l?d?s?s, ?l?d?d?s?d, ?s?l?d?d?d, ?s?d?d?d?l]])
2017-07-24 19:36:44,006 INFO  DemoJob:28 - Progress: mask = ?s?d?l?l?l?l for job = DemoJob
2017-07-24 19:36:44,509 INFO  DemoJob:28 - Progress: mask = ?l?s?l?l?d for job = DemoJob
2017-07-24 19:36:45,012 INFO  DemoJob:28 - Progress: mask = ?u?d?d?u?u?u for job = DemoJob
2017-07-24 19:36:45,514 INFO  DemoJob:28 - Progress: mask = ?l?d?l?d?s for job = DemoJob
2017-07-24 19:36:46,015 INFO  DemoJob:28 - Progress: mask = ?u?u?u?s?u for job = DemoJob
2017-07-24 19:36:46,517 INFO  DemoJob:28 - Progress: mask = ?d?d?d?d?l?u for job = DemoJob
2017-07-24 19:36:47,039 INFO  DemoJob:28 - Progress: mask = ?l?d?s?s for job = DemoJob
2017-07-24 19:36:47,541 INFO  DemoJob:28 - Progress: mask = ?l?d?d?s?d for job = DemoJob
2017-07-24 19:36:48,043 INFO  DemoJob:28 - Progress: mask = ?s?l?d?d?d for job = DemoJob
2017-07-24 19:36:48,547 INFO  DemoJob:28 - Progress: mask = ?s?d?d?d?l for job = DemoJob
2017-07-24 19:36:48,550 INFO  Worker:47 - Finished job 'DemoJob [masks=[?s?d?l?l?l?l, ?l?s?l?l?d, ?u?d?d?u?u?u, ?l?d?l?d?s, ?u?u?u?s?u, ?d?d?d?d?l?u, ?l?d?s?s, ?l?d?d?s?d, ?s?l?d?d?d, ?s?d?d?d?l]]' in '5044 ms'
2017-07-24 19:36:48,556 DEBUG Worker:35 - submitJob(DemoJob [masks=[?d?u?d?d?u?d, ?d?u?l?l?l?l, ?l?l?l?l?l?u, ?u?u?d?u?u?u, ?u?u?d?u?u?d, ?u?l?l?u?l?l, ?u?d?u?u?d?u, ?s?s?s?d?d, ?d?d?d?l?u, ?d?d?u?l?d?d]])
2017-07-24 19:36:49,057 INFO  DemoJob:28 - Progress: mask = ?d?u?d?d?u?d for job = DemoJob
2017-07-24 19:36:49,560 INFO  DemoJob:28 - Progress: mask = ?d?u?l?l?l?l for job = DemoJob
2017-07-24 19:36:50,062 INFO  DemoJob:28 - Progress: mask = ?l?l?l?l?l?u for job = DemoJob
2017-07-24 19:36:50,565 INFO  DemoJob:28 - Progress: mask = ?u?u?d?u?u?u for job = DemoJob
2017-07-24 19:36:51,067 INFO  DemoJob:28 - Progress: mask = ?u?u?d?u?u?d for job = DemoJob
2017-07-24 19:36:51,570 INFO  DemoJob:28 - Progress: mask = ?u?l?l?u?l?l for job = DemoJob
2017-07-24 19:36:52,072 INFO  DemoJob:28 - Progress: mask = ?u?d?u?u?d?u for job = DemoJob
2017-07-24 19:36:52,575 INFO  DemoJob:28 - Progress: mask = ?s?s?s?d?d for job = DemoJob
2017-07-24 19:36:53,077 INFO  DemoJob:28 - Progress: mask = ?d?d?d?l?u for job = DemoJob
2017-07-24 19:36:53,580 INFO  DemoJob:28 - Progress: mask = ?d?d?u?l?d?d for job = DemoJob
2017-07-24 19:36:53,581 INFO  Worker:47 - Finished job 'DemoJob [masks=[?d?u?d?d?u?d, ?d?u?l?l?l?l, ?l?l?l?l?l?u, ?u?u?d?u?u?u, ?u?u?d?u?u?d, ?u?l?l?u?l?l, ?u?d?u?u?d?u, ?s?s?s?d?d, ?d?d?d?l?u, ?d?d?u?l?d?d]]' in '5024 ms'
2017-07-24 19:36:53,582 DEBUG Worker:35 - submitJob(DemoJob [masks=[?u?l?u?l?u?l, ?u?d?l?l?d?d, ?l?s?s?l, ?u?u?s?s, ?l?l?s?s, ?u?d?l?l?l?l, ?u?l?l?l?d?l, ?d?d?u?d?d?d?d, ?l?u?u?u?d?d, ?u?l?l?s?d?d]])
2017-07-24 19:36:54,082 INFO  DemoJob:28 - Progress: mask = ?u?l?u?l?u?l for job = DemoJob
2017-07-24 19:36:54,585 INFO  DemoJob:28 - Progress: mask = ?u?d?l?l?d?d for job = DemoJob
2017-07-24 19:36:55,087 INFO  DemoJob:28 - Progress: mask = ?l?s?s?l for job = DemoJob
2017-07-24 19:36:55,590 INFO  DemoJob:28 - Progress: mask = ?u?u?s?s for job = DemoJob
2017-07-24 19:36:56,093 INFO  DemoJob:28 - Progress: mask = ?l?l?s?s for job = DemoJob
2017-07-24 19:36:56,594 INFO  DemoJob:28 - Progress: mask = ?u?d?l?l?l?l for job = DemoJob
2017-07-24 19:36:57,097 INFO  DemoJob:28 - Progress: mask = ?u?l?l?l?d?l for job = DemoJob
2017-07-24 19:36:57,599 INFO  DemoJob:28 - Progress: mask = ?d?d?u?d?d?d?d for job = DemoJob
2017-07-24 19:36:58,102 INFO  DemoJob:28 - Progress: mask = ?l?u?u?u?d?d for job = DemoJob
2017-07-24 19:36:58,604 INFO  DemoJob:28 - Progress: mask = ?u?l?l?s?d?d for job = DemoJob
2017-07-24 19:36:58,606 INFO  Worker:47 - Finished job 'DemoJob [masks=[?u?l?u?l?u?l, ?u?d?l?l?d?d, ?l?s?s?l, ?u?u?s?s, ?l?l?s?s, ?u?d?l?l?l?l, ?u?l?l?l?d?l, ?d?d?u?d?d?d?d, ?l?u?u?u?d?d, ?u?l?l?s?d?d]]' in '5024 ms'
2017-07-24 19:36:58,611 DEBUG Worker:35 - submitJob(DemoJob [masks=[?d?d?d?d?s?u, ?l?l?d?d?l?d?d, ?l?l?d?l?s, ?l?d?l?l?d?d?d, ?s?s?s?s?s, ?u?d?l?d?d?d, ?d?d?u?d?u?d, ?l?l?l?l?l?l?l?d, ?d?l?d?s?d, ?d?d?s?d?l]])
2017-07-24 19:36:59,113 INFO  DemoJob:28 - Progress: mask = ?d?d?d?d?s?u for job = DemoJob
2017-07-24 19:36:59,615 INFO  DemoJob:28 - Progress: mask = ?l?l?d?d?l?d?d for job = DemoJob
2017-07-24 19:37:00,117 INFO  DemoJob:28 - Progress: mask = ?l?l?d?l?s for job = DemoJob
2017-07-24 19:37:00,619 INFO  DemoJob:28 - Progress: mask = ?l?d?l?l?d?d?d for job = DemoJob
2017-07-24 19:37:01,122 INFO  DemoJob:28 - Progress: mask = ?s?s?s?s?s for job = DemoJob
2017-07-24 19:37:01,623 INFO  DemoJob:28 - Progress: mask = ?u?d?l?d?d?d for job = DemoJob
2017-07-24 19:37:02,124 INFO  DemoJob:28 - Progress: mask = ?d?d?u?d?u?d for job = DemoJob
2017-07-24 19:37:02,626 INFO  DemoJob:28 - Progress: mask = ?l?l?l?l?l?l?l?d for job = DemoJob
2017-07-24 19:37:03,171 INFO  DemoJob:28 - Progress: mask = ?d?l?d?s?d for job = DemoJob
2017-07-24 19:37:03,676 INFO  DemoJob:28 - Progress: mask = ?d?d?s?d?l for job = DemoJob
2017-07-24 19:37:03,678 INFO  Worker:47 - Finished job 'DemoJob [masks=[?d?d?d?d?s?u, ?l?l?d?d?l?d?d, ?l?l?d?l?s, ?l?d?l?l?d?d?d, ?s?s?s?s?s, ?u?d?l?d?d?d, ?d?d?u?d?u?d, ?l?l?l?l?l?l?l?d, ?d?l?d?s?d, ?d?d?s?d?l]]' in '5065 ms'
2017-07-24 19:37:03,680 DEBUG Worker:35 - submitJob(DemoJob [masks=[?u?l?u?u, ?l?u?l?l, ?l?l?u?l, ?l?u?l?u, ?d?d?d?u?u?u?u, ?u?d?u?d?d?u, ?l?l?d?d?s?d, ?s?s?s?l, ?l?l?l?d?s?d, ?l?l?s?l?d?d]])
2017-07-24 19:37:04,181 INFO  DemoJob:28 - Progress: mask = ?u?l?u?u for job = DemoJob
2017-07-24 19:37:04,683 INFO  DemoJob:28 - Progress: mask = ?l?u?l?l for job = DemoJob
2017-07-24 19:37:05,186 INFO  DemoJob:28 - Progress: mask = ?l?l?u?l for job = DemoJob
2017-07-24 19:37:05,687 INFO  DemoJob:28 - Progress: mask = ?l?u?l?u for job = DemoJob
2017-07-24 19:37:06,196 INFO  DemoJob:28 - Progress: mask = ?d?d?d?u?u?u?u for job = DemoJob
2017-07-24 19:37:06,699 INFO  DemoJob:28 - Progress: mask = ?u?d?u?d?d?u for job = DemoJob
2017-07-24 19:37:07,202 INFO  DemoJob:28 - Progress: mask = ?l?l?d?d?s?d for job = DemoJob
2017-07-24 19:37:07,704 INFO  DemoJob:28 - Progress: mask = ?s?s?s?l for job = DemoJob
2017-07-24 19:37:08,206 INFO  DemoJob:28 - Progress: mask = ?l?l?l?d?s?d for job = DemoJob
2017-07-24 19:37:08,709 INFO  DemoJob:28 - Progress: mask = ?l?l?s?l?d?d for job = DemoJob
2017-07-24 19:37:08,711 INFO  Worker:47 - Finished job 'DemoJob [masks=[?u?l?u?u, ?l?u?l?l, ?l?l?u?l, ?l?u?l?u, ?d?d?d?u?u?u?u, ?u?d?u?d?d?u, ?l?l?d?d?s?d, ?s?s?s?l, ?l?l?l?d?s?d, ?l?l?s?l?d?d]]' in '5031 ms'
2017-07-24 19:37:08,714 DEBUG Worker:35 - submitJob(DemoJob [masks=[?s?d?s?d?d?d, ?d?d?s?d?s, ?u?l?l?l?s?d, ?l?l?d?l?l?l?l, ?l?l?d?l?l?d?d, ?u?u?d?d?s, ?l?d?s?l?d, ?l?d?d?l?s, ?d?s?l?l?l?l, ?l?d?d?u?d?d]])
2017-07-24 19:37:09,216 INFO  DemoJob:28 - Progress: mask = ?s?d?s?d?d?d for job = DemoJob
2017-07-24 19:37:09,719 INFO  DemoJob:28 - Progress: mask = ?d?d?s?d?s for job = DemoJob
2017-07-24 19:37:10,221 INFO  DemoJob:28 - Progress: mask = ?u?l?l?l?s?d for job = DemoJob
2017-07-24 19:37:10,724 INFO  DemoJob:28 - Progress: mask = ?l?l?d?l?l?l?l for job = DemoJob
2017-07-24 19:37:11,226 INFO  DemoJob:28 - Progress: mask = ?l?l?d?l?l?d?d for job = DemoJob
2017-07-24 19:37:11,728 INFO  DemoJob:28 - Progress: mask = ?u?u?d?d?s for job = DemoJob
2017-07-24 19:37:12,230 INFO  DemoJob:28 - Progress: mask = ?l?d?s?l?d for job = DemoJob
2017-07-24 19:37:12,733 INFO  DemoJob:28 - Progress: mask = ?l?d?d?l?s for job = DemoJob
2017-07-24 19:37:13,234 INFO  DemoJob:28 - Progress: mask = ?d?s?l?l?l?l for job = DemoJob
2017-07-24 19:37:13,737 INFO  DemoJob:28 - Progress: mask = ?l?d?d?u?d?d for job = DemoJob
2017-07-24 19:37:13,740 INFO  Worker:47 - Finished job 'DemoJob [masks=[?s?d?s?d?d?d, ?d?d?s?d?s, ?u?l?l?l?s?d, ?l?l?d?l?l?l?l, ?l?l?d?l?l?d?d, ?u?u?d?d?s, ?l?d?s?l?d, ?l?d?d?l?s, ?d?s?l?l?l?l, ?l?d?d?u?d?d]]' in '5024 ms'
2017-07-24 19:37:13,744 DEBUG Worker:35 - submitJob(DemoJob [masks=[?l?d?l?l?l?d?d, ?l?u?u?u?u?u, ?u?u?u?l?l?l, ?d?s?d?s?d?s, ?d?l?d?d?l?d?d, ?d?l?l?l?l?s, ?u?l?u?u?u, ?d?d?l?d?l?d?d, ?l?d?d?d?d?d?s, ?u?d?d?d?l?l]])
2017-07-24 19:37:14,245 INFO  DemoJob:28 - Progress: mask = ?l?d?l?l?l?d?d for job = DemoJob
2017-07-24 19:37:14,748 INFO  DemoJob:28 - Progress: mask = ?l?u?u?u?u?u for job = DemoJob
2017-07-24 19:37:15,249 INFO  DemoJob:28 - Progress: mask = ?u?u?u?l?l?l for job = DemoJob
2017-07-24 19:37:15,755 INFO  DemoJob:28 - Progress: mask = ?d?s?d?s?d?s for job = DemoJob
2017-07-24 19:37:16,257 INFO  DemoJob:28 - Progress: mask = ?d?l?d?d?l?d?d for job = DemoJob
2017-07-24 19:37:16,760 INFO  DemoJob:28 - Progress: mask = ?d?l?l?l?l?s for job = DemoJob
2017-07-24 19:37:17,263 INFO  DemoJob:28 - Progress: mask = ?u?l?u?u?u for job = DemoJob
2017-07-24 19:37:17,765 INFO  DemoJob:28 - Progress: mask = ?d?d?l?d?l?d?d for job = DemoJob
2017-07-24 19:37:18,267 INFO  DemoJob:28 - Progress: mask = ?l?d?d?d?d?d?s for job = DemoJob
2017-07-24 19:37:18,773 INFO  DemoJob:28 - Progress: mask = ?u?d?d?d?l?l for job = DemoJob
2017-07-24 19:37:18,774 INFO  Worker:47 - Finished job 'DemoJob [masks=[?l?d?l?l?l?d?d, ?l?u?u?u?u?u, ?u?u?u?l?l?l, ?d?s?d?s?d?s, ?d?l?d?d?l?d?d, ?d?l?l?l?l?s, ?u?l?u?u?u, ?d?d?l?d?l?d?d, ?l?d?d?d?d?d?s, ?u?d?d?d?l?l]]' in '5028 ms'
2017-07-24 19:37:18,775 DEBUG Worker:35 - submitJob(DemoJob [masks=[?l?l?l?l?l?d?d?d?d, ?l?l?d?d?d?d?d?d?d, ?u?u?l?l?l?d, ?d?d?d?d?l?d?l, ?l?u?l?l?d?d, ?u?d?d?u?u?d, ?l?d?d?d?d?l?d, ?l?s?s?l?l, ?d?u?l?l?l?d, ?d?d?s?d?d?l]])
2017-07-24 19:37:19,275 INFO  DemoJob:28 - Progress: mask = ?l?l?l?l?l?d?d?d?d for job = DemoJob
2017-07-24 19:37:19,778 INFO  DemoJob:28 - Progress: mask = ?l?l?d?d?d?d?d?d?d for job = DemoJob
2017-07-24 19:37:20,280 INFO  DemoJob:28 - Progress: mask = ?u?u?l?l?l?d for job = DemoJob
2017-07-24 19:37:20,783 INFO  DemoJob:28 - Progress: mask = ?d?d?d?d?l?d?l for job = DemoJob
2017-07-24 19:37:21,286 INFO  DemoJob:28 - Progress: mask = ?l?u?l?l?d?d for job = DemoJob
2017-07-24 19:37:21,788 INFO  DemoJob:28 - Progress: mask = ?u?d?d?u?u?d for job = DemoJob
2017-07-24 19:37:22,290 INFO  DemoJob:28 - Progress: mask = ?l?d?d?d?d?l?d for job = DemoJob
2017-07-24 19:37:22,792 INFO  DemoJob:28 - Progress: mask = ?l?s?s?l?l for job = DemoJob
2017-07-24 19:37:23,294 INFO  DemoJob:28 - Progress: mask = ?d?u?l?l?l?d for job = DemoJob
2017-07-24 19:37:23,796 INFO  DemoJob:28 - Progress: mask = ?d?d?s?d?d?l for job = DemoJob
2017-07-24 19:37:23,799 INFO  Worker:47 - Finished job 'DemoJob [masks=[?l?l?l?l?l?d?d?d?d, ?l?l?d?d?d?d?d?d?d, ?u?u?l?l?l?d, ?d?d?d?d?l?d?l, ?l?u?l?l?d?d, ?u?d?d?u?u?d, ?l?d?d?d?d?l?d, ?l?s?s?l?l, ?d?u?l?l?l?d, ?d?d?s?d?d?l]]' in '5023 ms'
2017-07-24 19:37:23,804 DEBUG Worker:35 - submitJob(DemoJob [masks=[?d?d?d?d?d?d?l?d, ?d?d?d?d?u?l?l, ?l?l?l?d?l?d?d, ?u?d?d?l?l?d, ?l?d?d?d?l?d?d?d, ?l?d?l?s?d?d, ?u?u?u?d?d?s, ?l?l?d?s?l, ?l?d?d?l?d?l?d, ?l?s?l?s?l?s]])
2017-07-24 19:37:24,305 INFO  DemoJob:28 - Progress: mask = ?d?d?d?d?d?d?l?d for job = DemoJob
2017-07-24 19:37:24,808 INFO  DemoJob:28 - Progress: mask = ?d?d?d?d?u?l?l for job = DemoJob
2017-07-24 19:37:25,311 INFO  DemoJob:28 - Progress: mask = ?l?l?l?d?l?d?d for job = DemoJob
2017-07-24 19:37:25,814 INFO  DemoJob:28 - Progress: mask = ?u?d?d?l?l?d for job = DemoJob
2017-07-24 19:37:26,317 INFO  DemoJob:28 - Progress: mask = ?l?d?d?d?l?d?d?d for job = DemoJob
2017-07-24 19:37:26,819 INFO  DemoJob:28 - Progress: mask = ?l?d?l?s?d?d for job = DemoJob
2017-07-24 19:37:27,322 INFO  DemoJob:28 - Progress: mask = ?u?u?u?d?d?s for job = DemoJob
2017-07-24 19:37:27,823 INFO  DemoJob:28 - Progress: mask = ?l?l?d?s?l for job = DemoJob
2017-07-24 19:37:28,326 INFO  DemoJob:28 - Progress: mask = ?l?d?d?l?d?l?d for job = DemoJob
2017-07-24 19:37:28,829 INFO  DemoJob:28 - Progress: mask = ?l?s?l?s?l?s for job = DemoJob
2017-07-24 19:37:28,830 INFO  Worker:47 - Finished job 'DemoJob [masks=[?d?d?d?d?d?d?l?d, ?d?d?d?d?u?l?l, ?l?l?l?d?l?d?d, ?u?d?d?l?l?d, ?l?d?d?d?l?d?d?d, ?l?d?l?s?d?d, ?u?u?u?d?d?s, ?l?l?d?s?l, ?l?d?d?l?d?l?d, ?l?s?l?s?l?s]]' in '5026 ms'
2017-07-24 19:37:28,834 DEBUG Worker:35 - submitJob(DemoJob [masks=[?l?d?u?l?d, ?d?u?d?l?u, ?u?d?l?d?u, ?d?l?l?u?d, ?l?d?u?d?l, ?d?d?l?d?d?l?d, ?s?d?d?l?l?l, ?u?u?u?d?d?d?d?d, ?d?d?l?l?l?l?d, ?d?d?d?l?l?l?l?l]])
2017-07-24 19:37:29,335 INFO  DemoJob:28 - Progress: mask = ?l?d?u?l?d for job = DemoJob
2017-07-24 19:37:29,837 INFO  DemoJob:28 - Progress: mask = ?d?u?d?l?u for job = DemoJob
2017-07-24 19:37:30,340 INFO  DemoJob:28 - Progress: mask = ?u?d?l?d?u for job = DemoJob
2017-07-24 19:37:30,842 INFO  DemoJob:28 - Progress: mask = ?d?l?l?u?d for job = DemoJob
2017-07-24 19:37:31,347 INFO  DemoJob:28 - Progress: mask = ?l?d?u?d?l for job = DemoJob
2017-07-24 19:37:31,849 INFO  DemoJob:28 - Progress: mask = ?d?d?l?d?d?l?d for job = DemoJob
2017-07-24 19:37:32,352 INFO  DemoJob:28 - Progress: mask = ?s?d?d?l?l?l for job = DemoJob
2017-07-24 19:37:32,854 INFO  DemoJob:28 - Progress: mask = ?u?u?u?d?d?d?d?d for job = DemoJob
2017-07-24 19:37:33,357 INFO  DemoJob:28 - Progress: mask = ?d?d?l?l?l?l?d for job = DemoJob
2017-07-24 19:37:33,859 INFO  DemoJob:28 - Progress: mask = ?d?d?d?l?l?l?l?l for job = DemoJob
2017-07-24 19:37:33,861 INFO  Worker:47 - Finished job 'DemoJob [masks=[?l?d?u?l?d, ?d?u?d?l?u, ?u?d?l?d?u, ?d?l?l?u?d, ?l?d?u?d?l, ?d?d?l?d?d?l?d, ?s?d?d?l?l?l, ?u?u?u?d?d?d?d?d, ?d?d?l?l?l?l?d, ?d?d?d?l?l?l?l?l]]' in '5027 ms'
2017-07-24 19:37:33,865 DEBUG Worker:35 - submitJob(DemoJob [masks=[?d?l?d?s?d?d, ?d?d?u?d?d?l, ?d?d?l?u?d?d, ?u?d?d?d?l?d, ?u?s?u?u?d, ?s?l?l?d?l, ?u?l?s?d?d?d, ?u?u?u?u?u?u?d?d, ?l?u?u?l?l, ?s?d?s?d?s?d]])
2017-07-24 19:37:34,367 INFO  DemoJob:28 - Progress: mask = ?d?l?d?s?d?d for job = DemoJob
2017-07-24 19:37:34,869 INFO  DemoJob:28 - Progress: mask = ?d?d?u?d?d?l for job = DemoJob
2017-07-24 19:37:35,372 INFO  DemoJob:28 - Progress: mask = ?d?d?l?u?d?d for job = DemoJob
2017-07-24 19:37:35,874 INFO  DemoJob:28 - Progress: mask = ?u?d?d?d?l?d for job = DemoJob
2017-07-24 19:37:36,377 INFO  DemoJob:28 - Progress: mask = ?u?s?u?u?d for job = DemoJob
2017-07-24 19:37:36,882 INFO  DemoJob:28 - Progress: mask = ?s?l?l?d?l for job = DemoJob
2017-07-24 19:37:37,383 INFO  DemoJob:28 - Progress: mask = ?u?l?s?d?d?d for job = DemoJob
2017-07-24 19:37:37,886 INFO  DemoJob:28 - Progress: mask = ?u?u?u?u?u?u?d?d for job = DemoJob
2017-07-24 19:37:38,388 INFO  DemoJob:28 - Progress: mask = ?l?u?u?l?l for job = DemoJob
2017-07-24 19:37:38,892 INFO  DemoJob:28 - Progress: mask = ?s?d?s?d?s?d for job = DemoJob
2017-07-24 19:37:38,893 INFO  Worker:47 - Finished job 'DemoJob [masks=[?d?l?d?s?d?d, ?d?d?u?d?d?l, ?d?d?l?u?d?d, ?u?d?d?d?l?d, ?u?s?u?u?d, ?s?l?l?d?l, ?u?l?s?d?d?d, ?u?u?u?u?u?u?d?d, ?l?u?u?l?l, ?s?d?s?d?s?d]]' in '5027 ms'
2017-07-24 19:37:38,897 DEBUG Worker:35 - submitJob(DemoJob [masks=[?u?u?u?l?d?d, ?d?d?s?s?d, ?s?d?d?s?d, ?d?d?d?d?d?u?l, ?d?d?u?u?d?u, ?u?l?d?d?l?d, ?d?u?l?l?d?d, ?l?u?l?u?d?d, ?l?d?d?s?l, ?l?s?d?l?d]])
2017-07-24 19:37:39,399 INFO  DemoJob:28 - Progress: mask = ?u?u?u?l?d?d for job = DemoJob
2017-07-24 19:37:39,902 INFO  DemoJob:28 - Progress: mask = ?d?d?s?s?d for job = DemoJob
2017-07-24 19:37:40,405 INFO  DemoJob:28 - Progress: mask = ?s?d?d?s?d for job = DemoJob
2017-07-24 19:37:40,908 INFO  DemoJob:28 - Progress: mask = ?d?d?d?d?d?u?l for job = DemoJob
2017-07-24 19:37:41,411 INFO  DemoJob:28 - Progress: mask = ?d?d?u?u?d?u for job = DemoJob
2017-07-24 19:37:41,911 INFO  DemoJob:28 - Progress: mask = ?u?l?d?d?l?d for job = DemoJob
2017-07-24 19:37:42,414 INFO  DemoJob:28 - Progress: mask = ?d?u?l?l?d?d for job = DemoJob
2017-07-24 19:37:42,916 INFO  DemoJob:28 - Progress: mask = ?l?u?l?u?d?d for job = DemoJob
2017-07-24 19:37:43,418 INFO  DemoJob:28 - Progress: mask = ?l?d?d?s?l for job = DemoJob
2017-07-24 19:37:43,921 INFO  DemoJob:28 - Progress: mask = ?l?s?d?l?d for job = DemoJob
2017-07-24 19:37:43,921 INFO  Worker:47 - Finished job 'DemoJob [masks=[?u?u?u?l?d?d, ?d?d?s?s?d, ?s?d?d?s?d, ?d?d?d?d?d?u?l, ?d?d?u?u?d?u, ?u?l?d?d?l?d, ?d?u?l?l?d?d, ?l?u?l?u?d?d, ?l?d?d?s?l, ?l?s?d?l?d]]' in '5023 ms'
2017-07-24 19:37:43,924 INFO  Worker:95 - Master called node to terminate. Terminating.
2017-07-24 19:37:43,933 INFO  Worker:77 - #id = 3
2017-07-24 19:37:43,935 INFO  Worker:78 - #Total worker runtime: 00:02:16
2017-07-24 19:37:43,935 INFO  Worker:79 - #submitJob = 27
2017-07-24 19:37:43,936 INFO  Worker:80 - #totalJobDuration = 00:02:15
