2017-07-24 19:34:27,769 INFO  MainClass:184 - Worker started up on host 'nb-jowo'
2017-07-24 19:35:15,637 DEBUG Worker:35 - submitJob(DemoJob [masks=[?d, ?d?d, ?l, ?d?d?d?d, ?d?d?d?d?d?d, ?d?d?d?d?d, ?l?l, ?d?d?d, ?u, ?s]])
2017-07-24 19:35:16,143 INFO  DemoJob:28 - Progress: mask = ?d for job = DemoJob
2017-07-24 19:35:16,653 INFO  DemoJob:28 - Progress: mask = ?d?d for job = DemoJob
2017-07-24 19:35:17,155 INFO  DemoJob:28 - Progress: mask = ?l for job = DemoJob
2017-07-24 19:35:17,659 INFO  DemoJob:28 - Progress: mask = ?d?d?d?d for job = DemoJob
2017-07-24 19:35:18,161 INFO  DemoJob:28 - Progress: mask = ?d?d?d?d?d?d for job = DemoJob
2017-07-24 19:35:18,667 INFO  DemoJob:28 - Progress: mask = ?d?d?d?d?d for job = DemoJob
2017-07-24 19:35:19,172 INFO  DemoJob:28 - Progress: mask = ?l?l for job = DemoJob
2017-07-24 19:35:19,678 INFO  DemoJob:28 - Progress: mask = ?d?d?d for job = DemoJob
2017-07-24 19:35:20,182 INFO  DemoJob:28 - Progress: mask = ?u for job = DemoJob
2017-07-24 19:35:20,715 INFO  DemoJob:28 - Progress: mask = ?s for job = DemoJob
2017-07-24 19:35:20,717 INFO  Worker:47 - Finished job 'DemoJob [masks=[?d, ?d?d, ?l, ?d?d?d?d, ?d?d?d?d?d?d, ?d?d?d?d?d, ?l?l, ?d?d?d, ?u, ?s]]' in '5074 ms'
2017-07-24 19:35:20,721 DEBUG Worker:35 - submitJob(DemoJob [masks=[?l?l?l, ?u?u, ?l?d, ?d?d?d?d?d?d?d, ?u?d, ?l?l?l?l, ?l?l?d?d?d?d, ?u?u?u, ?l?l?d, ?u?l]])
2017-07-24 19:35:21,222 INFO  DemoJob:28 - Progress: mask = ?l?l?l for job = DemoJob
2017-07-24 19:35:21,726 INFO  DemoJob:28 - Progress: mask = ?u?u for job = DemoJob
2017-07-24 19:35:22,229 INFO  DemoJob:28 - Progress: mask = ?l?d for job = DemoJob
2017-07-24 19:35:22,733 INFO  DemoJob:28 - Progress: mask = ?d?d?d?d?d?d?d for job = DemoJob
2017-07-24 19:35:23,235 INFO  DemoJob:28 - Progress: mask = ?u?d for job = DemoJob
2017-07-24 19:35:23,737 INFO  DemoJob:28 - Progress: mask = ?l?l?l?l for job = DemoJob
2017-07-24 19:35:24,241 INFO  DemoJob:28 - Progress: mask = ?l?l?d?d?d?d for job = DemoJob
2017-07-24 19:35:24,744 INFO  DemoJob:28 - Progress: mask = ?u?u?u for job = DemoJob
2017-07-24 19:35:25,248 INFO  DemoJob:28 - Progress: mask = ?l?l?d for job = DemoJob
2017-07-24 19:35:25,752 INFO  DemoJob:28 - Progress: mask = ?u?l for job = DemoJob
2017-07-24 19:35:25,754 INFO  Worker:47 - Finished job 'DemoJob [masks=[?l?l?l, ?u?u, ?l?d, ?d?d?d?d?d?d?d, ?u?d, ?l?l?l?l, ?l?l?d?d?d?d, ?u?u?u, ?l?l?d, ?u?l]]' in '5033 ms'
2017-07-24 19:35:25,760 DEBUG Worker:35 - submitJob(DemoJob [masks=[?l?d?d?d?d, ?l?l?l?l?l, ?l?l?l?d?d, ?l?d?d, ?d?d?d?d?l, ?l?d?d?d?d?d, ?l?l?d?d, ?s?d, ?l?l?l?d?d?d, ?l?l?l?l?d?d]])
2017-07-24 19:35:26,261 INFO  DemoJob:28 - Progress: mask = ?l?d?d?d?d for job = DemoJob
2017-07-24 19:35:26,766 INFO  DemoJob:28 - Progress: mask = ?l?l?l?l?l for job = DemoJob
2017-07-24 19:35:27,275 INFO  DemoJob:28 - Progress: mask = ?l?l?l?d?d for job = DemoJob
2017-07-24 19:35:27,780 INFO  DemoJob:28 - Progress: mask = ?l?d?d for job = DemoJob
2017-07-24 19:35:28,281 INFO  DemoJob:28 - Progress: mask = ?d?d?d?d?l for job = DemoJob
2017-07-24 19:35:28,785 INFO  DemoJob:28 - Progress: mask = ?l?d?d?d?d?d for job = DemoJob
2017-07-24 19:35:29,287 INFO  DemoJob:28 - Progress: mask = ?l?l?d?d for job = DemoJob
2017-07-24 19:35:29,791 INFO  DemoJob:28 - Progress: mask = ?s?d for job = DemoJob
2017-07-24 19:35:30,292 INFO  DemoJob:28 - Progress: mask = ?l?l?l?d?d?d for job = DemoJob
2017-07-24 19:35:30,796 INFO  DemoJob:28 - Progress: mask = ?l?l?l?l?d?d for job = DemoJob
2017-07-24 19:35:30,801 INFO  Worker:47 - Finished job 'DemoJob [masks=[?l?d?d?d?d, ?l?l?l?l?l, ?l?l?l?d?d, ?l?d?d, ?d?d?d?d?l, ?l?d?d?d?d?d, ?l?l?d?d, ?s?d, ?l?l?l?d?d?d, ?l?l?l?l?d?d]]' in '5041 ms'
2017-07-24 19:35:30,804 DEBUG Worker:35 - submitJob(DemoJob [masks=[?u?u?u?u?u, ?d?l?l, ?d?d?d?l?l, ?u?u?d?d?d?d, ?d?d?d?d?s, ?d?d?d?d?u, ?l?l?l?d?d?d?d, ?l?l?l?l?l?d, ?u?l?l?l, ?u?u?u?d?d]])
2017-07-24 19:35:31,307 INFO  DemoJob:28 - Progress: mask = ?u?u?u?u?u for job = DemoJob
2017-07-24 19:35:31,810 INFO  DemoJob:28 - Progress: mask = ?d?l?l for job = DemoJob
2017-07-24 19:35:32,319 INFO  DemoJob:28 - Progress: mask = ?d?d?d?l?l for job = DemoJob
2017-07-24 19:35:32,823 INFO  DemoJob:28 - Progress: mask = ?u?u?d?d?d?d for job = DemoJob
2017-07-24 19:35:33,325 INFO  DemoJob:28 - Progress: mask = ?d?d?d?d?s for job = DemoJob
2017-07-24 19:35:33,831 INFO  DemoJob:28 - Progress: mask = ?d?d?d?d?u for job = DemoJob
2017-07-24 19:35:34,336 INFO  DemoJob:28 - Progress: mask = ?l?l?l?d?d?d?d for job = DemoJob
2017-07-24 19:35:34,840 INFO  DemoJob:28 - Progress: mask = ?l?l?l?l?l?d for job = DemoJob
2017-07-24 19:35:35,343 INFO  DemoJob:28 - Progress: mask = ?u?l?l?l for job = DemoJob
2017-07-24 19:35:35,846 INFO  DemoJob:28 - Progress: mask = ?u?u?u?d?d for job = DemoJob
2017-07-24 19:35:35,849 INFO  Worker:47 - Finished job 'DemoJob [masks=[?u?u?u?u?u, ?d?l?l, ?d?d?d?l?l, ?u?u?d?d?d?d, ?d?d?d?d?s, ?d?d?d?d?u, ?l?l?l?d?d?d?d, ?l?l?l?l?l?d, ?u?l?l?l, ?u?u?u?d?d]]' in '5044 ms'
2017-07-24 19:35:35,854 DEBUG Worker:35 - submitJob(DemoJob [masks=[?d?d?d?d?d?u, ?u?u?d?d, ?u?u?u?u?d, ?l?d?l?d, ?u?d?d?d, ?d?d?u, ?d?d?d?d?u?u, ?d?l?l?l, ?l?s?d, ?l?d?d?d?l]])
2017-07-24 19:35:36,355 INFO  DemoJob:28 - Progress: mask = ?d?d?d?d?d?u for job = DemoJob
2017-07-24 19:35:36,856 INFO  DemoJob:28 - Progress: mask = ?u?u?d?d for job = DemoJob
2017-07-24 19:35:37,358 INFO  DemoJob:28 - Progress: mask = ?u?u?u?u?d for job = DemoJob
2017-07-24 19:35:37,860 INFO  DemoJob:28 - Progress: mask = ?l?d?l?d for job = DemoJob
2017-07-24 19:35:38,362 INFO  DemoJob:28 - Progress: mask = ?u?d?d?d for job = DemoJob
2017-07-24 19:35:38,865 INFO  DemoJob:28 - Progress: mask = ?d?d?u for job = DemoJob
2017-07-24 19:35:39,367 INFO  DemoJob:28 - Progress: mask = ?d?d?d?d?u?u for job = DemoJob
2017-07-24 19:35:39,870 INFO  DemoJob:28 - Progress: mask = ?d?l?l?l for job = DemoJob
2017-07-24 19:35:40,372 INFO  DemoJob:28 - Progress: mask = ?l?s?d for job = DemoJob
2017-07-24 19:35:40,876 INFO  DemoJob:28 - Progress: mask = ?l?d?d?d?l for job = DemoJob
2017-07-24 19:35:40,877 INFO  Worker:47 - Finished job 'DemoJob [masks=[?d?d?d?d?d?u, ?u?u?d?d, ?u?u?u?u?d, ?l?d?l?d, ?u?d?d?d, ?d?d?u, ?d?d?d?d?u?u, ?d?l?l?l, ?l?s?d, ?l?d?d?d?l]]' in '5022 ms'
2017-07-24 19:35:40,881 DEBUG Worker:35 - submitJob(DemoJob [masks=[?d?l?d?d?d, ?u?u?u?d, ?d?l?d?d?d?d, ?l?l?l?d?l, ?d?l?l?d, ?d?l?d?d, ?d?d?l?d, ?u?l?l?l?d?d, ?d?d?d?s?d, ?d?d?d?d?d?s]])
2017-07-24 19:35:41,383 INFO  DemoJob:28 - Progress: mask = ?d?l?d?d?d for job = DemoJob
2017-07-24 19:35:41,887 INFO  DemoJob:28 - Progress: mask = ?u?u?u?d for job = DemoJob
2017-07-24 19:35:42,391 INFO  DemoJob:28 - Progress: mask = ?d?l?d?d?d?d for job = DemoJob
2017-07-24 19:35:42,894 INFO  DemoJob:28 - Progress: mask = ?l?l?l?d?l for job = DemoJob
2017-07-24 19:35:43,396 INFO  DemoJob:28 - Progress: mask = ?d?l?l?d for job = DemoJob
2017-07-24 19:35:43,902 INFO  DemoJob:28 - Progress: mask = ?d?l?d?d for job = DemoJob
2017-07-24 19:35:44,403 INFO  DemoJob:28 - Progress: mask = ?d?d?l?d for job = DemoJob
2017-07-24 19:35:44,907 INFO  DemoJob:28 - Progress: mask = ?u?l?l?l?d?d for job = DemoJob
2017-07-24 19:35:45,410 INFO  DemoJob:28 - Progress: mask = ?d?d?d?s?d for job = DemoJob
2017-07-24 19:35:45,912 INFO  DemoJob:28 - Progress: mask = ?d?d?d?d?d?s for job = DemoJob
2017-07-24 19:35:45,915 INFO  Worker:47 - Finished job 'DemoJob [masks=[?d?l?d?d?d, ?u?u?u?d, ?d?l?d?d?d?d, ?l?l?l?d?l, ?d?l?l?d, ?d?l?d?d, ?d?d?l?d, ?u?l?l?l?d?d, ?d?d?d?s?d, ?d?d?d?d?d?s]]' in '5032 ms'
2017-07-24 19:35:45,921 DEBUG Worker:35 - submitJob(DemoJob [masks=[?d?l?l?l?l?l, ?u?l?l?l?d, ?d?d?l?d?d?l, ?s?d?l, ?l?d?d?d?d?d?d?d, ?l?u?u, ?l?d?d?l?l, ?l?l?l?l?s, ?d?l?l?d?d, ?d?d?l?l?d]])
2017-07-24 19:35:46,422 INFO  DemoJob:28 - Progress: mask = ?d?l?l?l?l?l for job = DemoJob
2017-07-24 19:35:46,924 INFO  DemoJob:28 - Progress: mask = ?u?l?l?l?d for job = DemoJob
2017-07-24 19:35:47,425 INFO  DemoJob:28 - Progress: mask = ?d?d?l?d?d?l for job = DemoJob
2017-07-24 19:35:47,927 INFO  DemoJob:28 - Progress: mask = ?s?d?l for job = DemoJob
2017-07-24 19:35:48,431 INFO  DemoJob:28 - Progress: mask = ?l?d?d?d?d?d?d?d for job = DemoJob
2017-07-24 19:35:48,932 INFO  DemoJob:28 - Progress: mask = ?l?u?u for job = DemoJob
2017-07-24 19:35:49,435 INFO  DemoJob:28 - Progress: mask = ?l?d?d?l?l for job = DemoJob
2017-07-24 19:35:49,938 INFO  DemoJob:28 - Progress: mask = ?l?l?l?l?s for job = DemoJob
2017-07-24 19:35:50,443 INFO  DemoJob:28 - Progress: mask = ?d?l?l?d?d for job = DemoJob
2017-07-24 19:35:50,947 INFO  DemoJob:28 - Progress: mask = ?d?d?l?l?d for job = DemoJob
2017-07-24 19:35:50,950 INFO  Worker:47 - Finished job 'DemoJob [masks=[?d?l?l?l?l?l, ?u?l?l?l?d, ?d?d?l?d?d?l, ?s?d?l, ?l?d?d?d?d?d?d?d, ?l?u?u, ?l?d?d?l?l, ?l?l?l?l?s, ?d?l?l?d?d, ?d?d?l?l?d]]' in '5028 ms'
2017-07-24 19:35:50,960 DEBUG Worker:35 - submitJob(DemoJob [masks=[?l?l?s?d?d, ?l?l?l?l?l?l?l, ?l?l?d?d?d?d?d?d, ?d?d?d?l?l?d, ?u?d?d?d?d?u, ?l?l?l?l?d?l, ?l?d?d?d?l?l, ?d?l?d?l?d?l, ?d?l?l?d?d?d, ?u?l?l?l?l?l]])
2017-07-24 19:35:51,461 INFO  DemoJob:28 - Progress: mask = ?l?l?s?d?d for job = DemoJob
2017-07-24 19:35:51,966 INFO  DemoJob:28 - Progress: mask = ?l?l?l?l?l?l?l for job = DemoJob
2017-07-24 19:35:52,467 INFO  DemoJob:28 - Progress: mask = ?l?l?d?d?d?d?d?d for job = DemoJob
2017-07-24 19:35:52,970 INFO  DemoJob:28 - Progress: mask = ?d?d?d?l?l?d for job = DemoJob
2017-07-24 19:35:53,473 INFO  DemoJob:28 - Progress: mask = ?u?d?d?d?d?u for job = DemoJob
2017-07-24 19:35:53,976 INFO  DemoJob:28 - Progress: mask = ?l?l?l?l?d?l for job = DemoJob
2017-07-24 19:35:54,478 INFO  DemoJob:28 - Progress: mask = ?l?d?d?d?l?l for job = DemoJob
2017-07-24 19:35:54,981 INFO  DemoJob:28 - Progress: mask = ?d?l?d?l?d?l for job = DemoJob
2017-07-24 19:35:55,485 INFO  DemoJob:28 - Progress: mask = ?d?l?l?d?d?d for job = DemoJob
2017-07-24 19:35:55,987 INFO  DemoJob:28 - Progress: mask = ?u?l?l?l?l?l for job = DemoJob
2017-07-24 19:35:55,990 INFO  Worker:47 - Finished job 'DemoJob [masks=[?l?l?s?d?d, ?l?l?l?l?l?l?l, ?l?l?d?d?d?d?d?d, ?d?d?d?l?l?d, ?u?d?d?d?d?u, ?l?l?l?l?d?l, ?l?d?d?d?l?l, ?d?l?d?l?d?l, ?d?l?l?d?d?d, ?u?l?l?l?l?l]]' in '5028 ms'
2017-07-24 19:35:55,994 DEBUG Worker:35 - submitJob(DemoJob [masks=[?l?d?d?d?l?d, ?d?d?u?u?u, ?l?l?d?l?l?l, ?l?d?l?l?l?l, ?l?l?s?d, ?d?l?d?d?l, ?d?d?d?d?d?d?d?d?d?d, ?d?d?l?l?l?d, ?u?l?s, ?d?l?d?l?l]])
2017-07-24 19:35:56,496 INFO  DemoJob:28 - Progress: mask = ?l?d?d?d?l?d for job = DemoJob
2017-07-24 19:35:56,999 INFO  DemoJob:28 - Progress: mask = ?d?d?u?u?u for job = DemoJob
2017-07-24 19:35:57,502 INFO  DemoJob:28 - Progress: mask = ?l?l?d?l?l?l for job = DemoJob
2017-07-24 19:35:58,006 INFO  DemoJob:28 - Progress: mask = ?l?d?l?l?l?l for job = DemoJob
2017-07-24 19:35:58,510 INFO  DemoJob:28 - Progress: mask = ?l?l?s?d for job = DemoJob
2017-07-24 19:35:59,013 INFO  DemoJob:28 - Progress: mask = ?d?l?d?d?l for job = DemoJob
2017-07-24 19:35:59,517 INFO  DemoJob:28 - Progress: mask = ?d?d?d?d?d?d?d?d?d?d for job = DemoJob
2017-07-24 19:36:00,020 INFO  DemoJob:28 - Progress: mask = ?d?d?l?l?l?d for job = DemoJob
2017-07-24 19:36:00,523 INFO  DemoJob:28 - Progress: mask = ?u?l?s for job = DemoJob
2017-07-24 19:36:01,025 INFO  DemoJob:28 - Progress: mask = ?d?l?d?l?l for job = DemoJob
2017-07-24 19:36:01,028 INFO  Worker:47 - Finished job 'DemoJob [masks=[?l?d?d?d?l?d, ?d?d?u?u?u, ?l?l?d?l?l?l, ?l?d?l?l?l?l, ?l?l?s?d, ?d?l?d?d?l, ?d?d?d?d?d?d?d?d?d?d, ?d?d?l?l?l?d, ?u?l?s, ?d?l?d?l?l]]' in '5033 ms'
2017-07-24 19:36:01,033 DEBUG Worker:35 - submitJob(DemoJob [masks=[?l?l?s?l?l, ?u?l?u?l, ?l?l?l?l?l?s, ?l?d?l?l?l?d, ?u?d?u?d?d, ?s?d?d?d, ?l?s?l?l?l, ?u?d?d?d?u, ?l?d?d?l?l?d, ?l?l?l?l?u]])
2017-07-24 19:36:01,535 INFO  DemoJob:28 - Progress: mask = ?l?l?s?l?l for job = DemoJob
2017-07-24 19:36:02,037 INFO  DemoJob:28 - Progress: mask = ?u?l?u?l for job = DemoJob
2017-07-24 19:36:02,540 INFO  DemoJob:28 - Progress: mask = ?l?l?l?l?l?s for job = DemoJob
2017-07-24 19:36:03,042 INFO  DemoJob:28 - Progress: mask = ?l?d?l?l?l?d for job = DemoJob
2017-07-24 19:36:03,545 INFO  DemoJob:28 - Progress: mask = ?u?d?u?d?d for job = DemoJob
2017-07-24 19:36:04,047 INFO  DemoJob:28 - Progress: mask = ?s?d?d?d for job = DemoJob
2017-07-24 19:36:04,550 INFO  DemoJob:28 - Progress: mask = ?l?s?l?l?l for job = DemoJob
2017-07-24 19:36:05,052 INFO  DemoJob:28 - Progress: mask = ?u?d?d?d?u for job = DemoJob
2017-07-24 19:36:05,555 INFO  DemoJob:28 - Progress: mask = ?l?d?d?l?l?d for job = DemoJob
2017-07-24 19:36:06,057 INFO  DemoJob:28 - Progress: mask = ?l?l?l?l?u for job = DemoJob
2017-07-24 19:36:06,060 INFO  Worker:47 - Finished job 'DemoJob [masks=[?l?l?s?l?l, ?u?l?u?l, ?l?l?l?l?l?s, ?l?d?l?l?l?d, ?u?d?u?d?d, ?s?d?d?d, ?l?s?l?l?l, ?u?d?d?d?u, ?l?d?d?l?l?d, ?l?l?l?l?u]]' in '5026 ms'
2017-07-24 19:36:06,065 DEBUG Worker:35 - submitJob(DemoJob [masks=[?d?d?u?u?u?u, ?d?d?d?d?l?d?d, ?d?d?d?s?s, ?u?s?d?d, ?u?l?l?d?d?d?d, ?d?d?d?s?d?d?d, ?u?u?u?u?u?d?d, ?l?l?s?d?d?d, ?l?l?l?d?d?d?d?d, ?s?s?d?d?d]])
2017-07-24 19:36:06,567 INFO  DemoJob:28 - Progress: mask = ?d?d?u?u?u?u for job = DemoJob
2017-07-24 19:36:07,069 INFO  DemoJob:28 - Progress: mask = ?d?d?d?d?l?d?d for job = DemoJob
2017-07-24 19:36:07,573 INFO  DemoJob:28 - Progress: mask = ?d?d?d?s?s for job = DemoJob
2017-07-24 19:36:08,076 INFO  DemoJob:28 - Progress: mask = ?u?s?d?d for job = DemoJob
2017-07-24 19:36:08,579 INFO  DemoJob:28 - Progress: mask = ?u?l?l?d?d?d?d for job = DemoJob
2017-07-24 19:36:09,081 INFO  DemoJob:28 - Progress: mask = ?d?d?d?s?d?d?d for job = DemoJob
2017-07-24 19:36:09,583 INFO  DemoJob:28 - Progress: mask = ?u?u?u?u?u?d?d for job = DemoJob
2017-07-24 19:36:10,087 INFO  DemoJob:28 - Progress: mask = ?l?l?s?d?d?d for job = DemoJob
2017-07-24 19:36:10,589 INFO  DemoJob:28 - Progress: mask = ?l?l?l?d?d?d?d?d for job = DemoJob
2017-07-24 19:36:11,091 INFO  DemoJob:28 - Progress: mask = ?s?s?d?d?d for job = DemoJob
2017-07-24 19:36:11,093 INFO  Worker:47 - Finished job 'DemoJob [masks=[?d?d?u?u?u?u, ?d?d?d?d?l?d?d, ?d?d?d?s?s, ?u?s?d?d, ?u?l?l?d?d?d?d, ?d?d?d?s?d?d?d, ?u?u?u?u?u?d?d, ?l?l?s?d?d?d, ?l?l?l?d?d?d?d?d, ?s?s?d?d?d]]' in '5027 ms'
2017-07-24 19:36:11,098 DEBUG Worker:35 - submitJob(DemoJob [masks=[?d?d?l?l?d?l, ?d?u?d?d?d, ?d?d?d?u?d, ?u?l?u?d?d, ?u?l?l?l?l?d?d, ?u?d?d?u, ?d?d?u?u, ?l?d?u?d, ?u?d?u?d, ?u?l?d?d]])
2017-07-24 19:36:11,600 INFO  DemoJob:28 - Progress: mask = ?d?d?l?l?d?l for job = DemoJob
2017-07-24 19:36:12,102 INFO  DemoJob:28 - Progress: mask = ?d?u?d?d?d for job = DemoJob
2017-07-24 19:36:12,606 INFO  DemoJob:28 - Progress: mask = ?d?d?d?u?d for job = DemoJob
2017-07-24 19:36:13,108 INFO  DemoJob:28 - Progress: mask = ?u?l?u?d?d for job = DemoJob
2017-07-24 19:36:13,611 INFO  DemoJob:28 - Progress: mask = ?u?l?l?l?l?d?d for job = DemoJob
2017-07-24 19:36:14,114 INFO  DemoJob:28 - Progress: mask = ?u?d?d?u for job = DemoJob
2017-07-24 19:36:14,617 INFO  DemoJob:28 - Progress: mask = ?d?d?u?u for job = DemoJob
2017-07-24 19:36:15,119 INFO  DemoJob:28 - Progress: mask = ?l?d?u?d for job = DemoJob
2017-07-24 19:36:15,621 INFO  DemoJob:28 - Progress: mask = ?u?d?u?d for job = DemoJob
2017-07-24 19:36:16,125 INFO  DemoJob:28 - Progress: mask = ?u?l?d?d for job = DemoJob
2017-07-24 19:36:16,127 INFO  Worker:47 - Finished job 'DemoJob [masks=[?d?d?l?l?d?l, ?d?u?d?d?d, ?d?d?d?u?d, ?u?l?u?d?d, ?u?l?l?l?l?d?d, ?u?d?d?u, ?d?d?u?u, ?l?d?u?d, ?u?d?u?d, ?u?l?d?d]]' in '5027 ms'
2017-07-24 19:36:16,130 DEBUG Worker:35 - submitJob(DemoJob [masks=[?l?l?l?l?l?d?d?d, ?d?l?l?l?d?l, ?s?d?d?d?d?d?d, ?d?l?d?l?l?d, ?u?u?d?u?u, ?u?l?u?d?d?d, ?s?l?l?l, ?d?u?d?u?d, ?u?d?d?d?l, ?s?s?s?s]])
2017-07-24 19:36:16,631 INFO  DemoJob:28 - Progress: mask = ?l?l?l?l?l?d?d?d for job = DemoJob
2017-07-24 19:36:17,134 INFO  DemoJob:28 - Progress: mask = ?d?l?l?l?d?l for job = DemoJob
2017-07-24 19:36:17,636 INFO  DemoJob:28 - Progress: mask = ?s?d?d?d?d?d?d for job = DemoJob
2017-07-24 19:36:18,139 INFO  DemoJob:28 - Progress: mask = ?d?l?d?l?l?d for job = DemoJob
2017-07-24 19:36:18,641 INFO  DemoJob:28 - Progress: mask = ?u?u?d?u?u for job = DemoJob
2017-07-24 19:36:19,144 INFO  DemoJob:28 - Progress: mask = ?u?l?u?d?d?d for job = DemoJob
2017-07-24 19:36:19,646 INFO  DemoJob:28 - Progress: mask = ?s?l?l?l for job = DemoJob
2017-07-24 19:36:20,149 INFO  DemoJob:28 - Progress: mask = ?d?u?d?u?d for job = DemoJob
2017-07-24 19:36:20,652 INFO  DemoJob:28 - Progress: mask = ?u?d?d?d?l for job = DemoJob
2017-07-24 19:36:21,154 INFO  DemoJob:28 - Progress: mask = ?s?s?s?s for job = DemoJob
2017-07-24 19:36:21,157 INFO  Worker:47 - Finished job 'DemoJob [masks=[?l?l?l?l?l?d?d?d, ?d?l?l?l?d?l, ?s?d?d?d?d?d?d, ?d?l?d?l?l?d, ?u?u?d?u?u, ?u?l?u?d?d?d, ?s?l?l?l, ?d?u?d?u?d, ?u?d?d?d?l, ?s?s?s?s]]' in '5025 ms'
2017-07-24 19:36:21,162 DEBUG Worker:35 - submitJob(DemoJob [masks=[?d?d?d?s?l, ?d?d?d?d?l?s, ?s?s?d?d, ?u?l?u?l?d?d, ?l?s?l?d, ?l?l?l?u, ?d?s?d?d?s?d?d, ?d?d?s?d?d?s, ?u?l?l?l?d?d?d, ?u?u?u?s]])
2017-07-24 19:36:21,663 INFO  DemoJob:28 - Progress: mask = ?d?d?d?s?l for job = DemoJob
2017-07-24 19:36:22,166 INFO  DemoJob:28 - Progress: mask = ?d?d?d?d?l?s for job = DemoJob
2017-07-24 19:36:22,668 INFO  DemoJob:28 - Progress: mask = ?s?s?d?d for job = DemoJob
2017-07-24 19:36:23,171 INFO  DemoJob:28 - Progress: mask = ?u?l?u?l?d?d for job = DemoJob
2017-07-24 19:36:23,674 INFO  DemoJob:28 - Progress: mask = ?l?s?l?d for job = DemoJob
2017-07-24 19:36:24,177 INFO  DemoJob:28 - Progress: mask = ?l?l?l?u for job = DemoJob
2017-07-24 19:36:24,680 INFO  DemoJob:28 - Progress: mask = ?d?s?d?d?s?d?d for job = DemoJob
2017-07-24 19:36:25,182 INFO  DemoJob:28 - Progress: mask = ?d?d?s?d?d?s for job = DemoJob
2017-07-24 19:36:25,686 INFO  DemoJob:28 - Progress: mask = ?u?l?l?l?d?d?d for job = DemoJob
2017-07-24 19:36:26,188 INFO  DemoJob:28 - Progress: mask = ?u?u?u?s for job = DemoJob
2017-07-24 19:36:26,190 INFO  Worker:47 - Finished job 'DemoJob [masks=[?d?d?d?s?l, ?d?d?d?d?l?s, ?s?s?d?d, ?u?l?u?l?d?d, ?l?s?l?d, ?l?l?l?u, ?d?s?d?d?s?d?d, ?d?d?s?d?d?s, ?u?l?l?l?d?d?d, ?u?u?u?s]]' in '5027 ms'
2017-07-24 19:36:26,196 DEBUG Worker:35 - submitJob(DemoJob [masks=[?d?d?d?l?l?d?d, ?s?l?l?l?s, ?u?u?l?d?d, ?d?d?u?l?l, ?l?l?u?l?l, ?l?s?l?l?l?l, ?u?l?d?d?d?d?d, ?l?l?d?d?d?s, ?u?u?l?d?d?d, ?l?d?d?d?d?d?d?l]])
2017-07-24 19:36:26,698 INFO  DemoJob:28 - Progress: mask = ?d?d?d?l?l?d?d for job = DemoJob
2017-07-24 19:36:27,200 INFO  DemoJob:28 - Progress: mask = ?s?l?l?l?s for job = DemoJob
2017-07-24 19:36:27,703 INFO  DemoJob:28 - Progress: mask = ?u?u?l?d?d for job = DemoJob
2017-07-24 19:36:28,204 INFO  DemoJob:28 - Progress: mask = ?d?d?u?l?l for job = DemoJob
2017-07-24 19:36:28,705 INFO  DemoJob:28 - Progress: mask = ?l?l?u?l?l for job = DemoJob
2017-07-24 19:36:29,207 INFO  DemoJob:28 - Progress: mask = ?l?s?l?l?l?l for job = DemoJob
2017-07-24 19:36:29,710 INFO  DemoJob:28 - Progress: mask = ?u?l?d?d?d?d?d for job = DemoJob
2017-07-24 19:36:30,211 INFO  DemoJob:28 - Progress: mask = ?l?l?d?d?d?s for job = DemoJob
2017-07-24 19:36:30,714 INFO  DemoJob:28 - Progress: mask = ?u?u?l?d?d?d for job = DemoJob
2017-07-24 19:36:31,216 INFO  DemoJob:28 - Progress: mask = ?l?d?d?d?d?d?d?l for job = DemoJob
2017-07-24 19:36:31,219 INFO  Worker:47 - Finished job 'DemoJob [masks=[?d?d?d?l?l?d?d, ?s?l?l?l?s, ?u?u?l?d?d, ?d?d?u?l?l, ?l?l?u?l?l, ?l?s?l?l?l?l, ?u?l?d?d?d?d?d, ?l?l?d?d?d?s, ?u?u?l?d?d?d, ?l?d?d?d?d?d?d?l]]' in '5022 ms'
2017-07-24 19:36:31,226 DEBUG Worker:35 - submitJob(DemoJob [masks=[?u?d?l?l, ?d?u?d?u?d?u, ?l?u?l?d?d, ?d?u?u?d?u, ?u?l?d?l, ?u?u?d?l, ?d?d?s?s?d?d, ?l?l?s?d?d?d?d, ?u?l?l?u?l, ?d?d?s?l?l]])
2017-07-24 19:36:31,727 INFO  DemoJob:28 - Progress: mask = ?u?d?l?l for job = DemoJob
2017-07-24 19:36:32,230 INFO  DemoJob:28 - Progress: mask = ?d?u?d?u?d?u for job = DemoJob
2017-07-24 19:36:32,732 INFO  DemoJob:28 - Progress: mask = ?l?u?l?d?d for job = DemoJob
2017-07-24 19:36:33,236 INFO  DemoJob:28 - Progress: mask = ?d?u?u?d?u for job = DemoJob
2017-07-24 19:36:33,738 INFO  DemoJob:28 - Progress: mask = ?u?l?d?l for job = DemoJob
2017-07-24 19:36:34,242 INFO  DemoJob:28 - Progress: mask = ?u?u?d?l for job = DemoJob
2017-07-24 19:36:34,744 INFO  DemoJob:28 - Progress: mask = ?d?d?s?s?d?d for job = DemoJob
2017-07-24 19:36:35,247 INFO  DemoJob:28 - Progress: mask = ?l?l?s?d?d?d?d for job = DemoJob
2017-07-24 19:36:35,750 INFO  DemoJob:28 - Progress: mask = ?u?l?l?u?l for job = DemoJob
2017-07-24 19:36:36,253 INFO  DemoJob:28 - Progress: mask = ?d?d?s?l?l for job = DemoJob
2017-07-24 19:36:36,256 INFO  Worker:47 - Finished job 'DemoJob [masks=[?u?d?l?l, ?d?u?d?u?d?u, ?l?u?l?d?d, ?d?u?u?d?u, ?u?l?d?l, ?u?u?d?l, ?d?d?s?s?d?d, ?l?l?s?d?d?d?d, ?u?l?l?u?l, ?d?d?s?l?l]]' in '5029 ms'
2017-07-24 19:36:36,260 DEBUG Worker:35 - submitJob(DemoJob [masks=[?d?d?u?l?l?l, ?l?l?l?u?u, ?u?u?d?d?d?u, ?d?d?d?u?l?l, ?u?d?l?d?l, ?l?u?l?u?l, ?d?l?s?l, ?s?l?l?d, ?u?u?u?s?d, ?d?s?l?l]])
2017-07-24 19:36:36,762 INFO  DemoJob:28 - Progress: mask = ?d?d?u?l?l?l for job = DemoJob
2017-07-24 19:36:37,264 INFO  DemoJob:28 - Progress: mask = ?l?l?l?u?u for job = DemoJob
2017-07-24 19:36:37,767 INFO  DemoJob:28 - Progress: mask = ?u?u?d?d?d?u for job = DemoJob
2017-07-24 19:36:38,269 INFO  DemoJob:28 - Progress: mask = ?d?d?d?u?l?l for job = DemoJob
2017-07-24 19:36:38,772 INFO  DemoJob:28 - Progress: mask = ?u?d?l?d?l for job = DemoJob
2017-07-24 19:36:39,274 INFO  DemoJob:28 - Progress: mask = ?l?u?l?u?l for job = DemoJob
2017-07-24 19:36:39,777 INFO  DemoJob:28 - Progress: mask = ?d?l?s?l for job = DemoJob
2017-07-24 19:36:40,279 INFO  DemoJob:28 - Progress: mask = ?s?l?l?d for job = DemoJob
2017-07-24 19:36:40,782 INFO  DemoJob:28 - Progress: mask = ?u?u?u?s?d for job = DemoJob
2017-07-24 19:36:41,284 INFO  DemoJob:28 - Progress: mask = ?d?s?l?l for job = DemoJob
2017-07-24 19:36:41,286 INFO  Worker:47 - Finished job 'DemoJob [masks=[?d?d?u?l?l?l, ?l?l?l?u?u, ?u?u?d?d?d?u, ?d?d?d?u?l?l, ?u?d?l?d?l, ?l?u?l?u?l, ?d?l?s?l, ?s?l?l?d, ?u?u?u?s?d, ?d?s?l?l]]' in '5025 ms'
2017-07-24 19:36:41,290 DEBUG Worker:35 - submitJob(DemoJob [masks=[?d?d?d?s?l?l, ?u?s?u?s, ?u?s?u?d?d, ?u?l?s?d?d, ?u?l?l?u?d?d, ?u?d?d?l?l, ?d?u?l?l?d, ?d?u?d?u?u, ?u?s?u?u?u, ?u?l?d?l?l]])
2017-07-24 19:36:41,792 INFO  DemoJob:28 - Progress: mask = ?d?d?d?s?l?l for job = DemoJob
2017-07-24 19:36:42,294 INFO  DemoJob:28 - Progress: mask = ?u?s?u?s for job = DemoJob
2017-07-24 19:36:42,797 INFO  DemoJob:28 - Progress: mask = ?u?s?u?d?d for job = DemoJob
2017-07-24 19:36:43,300 INFO  DemoJob:28 - Progress: mask = ?u?l?s?d?d for job = DemoJob
2017-07-24 19:36:43,802 INFO  DemoJob:28 - Progress: mask = ?u?l?l?u?d?d for job = DemoJob
2017-07-24 19:36:44,304 INFO  DemoJob:28 - Progress: mask = ?u?d?d?l?l for job = DemoJob
2017-07-24 19:36:44,806 INFO  DemoJob:28 - Progress: mask = ?d?u?l?l?d for job = DemoJob
2017-07-24 19:36:45,309 INFO  DemoJob:28 - Progress: mask = ?d?u?d?u?u for job = DemoJob
2017-07-24 19:36:45,811 INFO  DemoJob:28 - Progress: mask = ?u?s?u?u?u for job = DemoJob
2017-07-24 19:36:46,314 INFO  DemoJob:28 - Progress: mask = ?u?l?d?l?l for job = DemoJob
2017-07-24 19:36:46,316 INFO  Worker:47 - Finished job 'DemoJob [masks=[?d?d?d?s?l?l, ?u?s?u?s, ?u?s?u?d?d, ?u?l?s?d?d, ?u?l?l?u?d?d, ?u?d?d?l?l, ?d?u?l?l?d, ?d?u?d?u?u, ?u?s?u?u?u, ?u?l?d?l?l]]' in '5025 ms'
2017-07-24 19:36:46,320 DEBUG Worker:35 - submitJob(DemoJob [masks=[?u?s?d?d?d, ?d?s?d?d?l, ?u?d?u?u?u?u, ?u?l?l?s, ?u?u?s?u, ?d?l?d?l?d?l?d, ?u?l?d?d?u, ?d?l?l?l?l?d?d, ?l?l?l?u?l, ?l?l?l?d?d?d?l]])
2017-07-24 19:36:46,821 INFO  DemoJob:28 - Progress: mask = ?u?s?d?d?d for job = DemoJob
2017-07-24 19:36:47,323 INFO  DemoJob:28 - Progress: mask = ?d?s?d?d?l for job = DemoJob
2017-07-24 19:36:47,824 INFO  DemoJob:28 - Progress: mask = ?u?d?u?u?u?u for job = DemoJob
2017-07-24 19:36:48,327 INFO  DemoJob:28 - Progress: mask = ?u?l?l?s for job = DemoJob
2017-07-24 19:36:48,830 INFO  DemoJob:28 - Progress: mask = ?u?u?s?u for job = DemoJob
2017-07-24 19:36:49,332 INFO  DemoJob:28 - Progress: mask = ?d?l?d?l?d?l?d for job = DemoJob
2017-07-24 19:36:49,835 INFO  DemoJob:28 - Progress: mask = ?u?l?d?d?u for job = DemoJob
2017-07-24 19:36:50,337 INFO  DemoJob:28 - Progress: mask = ?d?l?l?l?l?d?d for job = DemoJob
2017-07-24 19:36:50,840 INFO  DemoJob:28 - Progress: mask = ?l?l?l?u?l for job = DemoJob
2017-07-24 19:36:51,342 INFO  DemoJob:28 - Progress: mask = ?l?l?l?d?d?d?l for job = DemoJob
2017-07-24 19:36:51,344 INFO  Worker:47 - Finished job 'DemoJob [masks=[?u?s?d?d?d, ?d?s?d?d?l, ?u?d?u?u?u?u, ?u?l?l?s, ?u?u?s?u, ?d?l?d?l?d?l?d, ?u?l?d?d?u, ?d?l?l?l?l?d?d, ?l?l?l?u?l, ?l?l?l?d?d?d?l]]' in '5023 ms'
2017-07-24 19:36:51,348 DEBUG Worker:35 - submitJob(DemoJob [masks=[?d?d?l?d?u, ?d?d?d?s?d?d?d?d, ?u?l?u?d?d?d?d, ?u?u?u?u?u?s, ?d?s?l?l?l, ?l?s?l?l?d?d, ?s?l?d?d?d?d, ?u?l?l?l?l?s, ?u?s?l?l?l, ?d?d?s?d?s?d]])
2017-07-24 19:36:51,849 INFO  DemoJob:28 - Progress: mask = ?d?d?l?d?u for job = DemoJob
2017-07-24 19:36:52,351 INFO  DemoJob:28 - Progress: mask = ?d?d?d?s?d?d?d?d for job = DemoJob
2017-07-24 19:36:52,854 INFO  DemoJob:28 - Progress: mask = ?u?l?u?d?d?d?d for job = DemoJob
2017-07-24 19:36:53,355 INFO  DemoJob:28 - Progress: mask = ?u?u?u?u?u?s for job = DemoJob
2017-07-24 19:36:53,858 INFO  DemoJob:28 - Progress: mask = ?d?s?l?l?l for job = DemoJob
2017-07-24 19:36:54,360 INFO  DemoJob:28 - Progress: mask = ?l?s?l?l?d?d for job = DemoJob
2017-07-24 19:36:54,863 INFO  DemoJob:28 - Progress: mask = ?s?l?d?d?d?d for job = DemoJob
2017-07-24 19:36:55,365 INFO  DemoJob:28 - Progress: mask = ?u?l?l?l?l?s for job = DemoJob
2017-07-24 19:36:55,868 INFO  DemoJob:28 - Progress: mask = ?u?s?l?l?l for job = DemoJob
2017-07-24 19:36:56,370 INFO  DemoJob:28 - Progress: mask = ?d?d?s?d?s?d for job = DemoJob
2017-07-24 19:36:56,372 INFO  Worker:47 - Finished job 'DemoJob [masks=[?d?d?l?d?u, ?d?d?d?s?d?d?d?d, ?u?l?u?d?d?d?d, ?u?u?u?u?u?s, ?d?s?l?l?l, ?l?s?l?l?d?d, ?s?l?d?d?d?d, ?u?l?l?l?l?s, ?u?s?l?l?l, ?d?d?s?d?s?d]]' in '5024 ms'
2017-07-24 19:36:56,376 DEBUG Worker:35 - submitJob(DemoJob [masks=[?u?u?d?d?u?d, ?d?d?u?u?u?d, ?u?u?u?u?d?d?d?d, ?l?d?d?d?d?u, ?l?l?l?d?d?l?l, ?l?l?l?u?d, ?l?s?l?d?d?d?d, ?u?u?d?u?d?d, ?d?d?d?u?d?d?d, ?u?u?u?u?s?d]])
2017-07-24 19:36:56,878 INFO  DemoJob:28 - Progress: mask = ?u?u?d?d?u?d for job = DemoJob
2017-07-24 19:36:57,380 INFO  DemoJob:28 - Progress: mask = ?d?d?u?u?u?d for job = DemoJob
2017-07-24 19:36:57,883 INFO  DemoJob:28 - Progress: mask = ?u?u?u?u?d?d?d?d for job = DemoJob
2017-07-24 19:36:58,385 INFO  DemoJob:28 - Progress: mask = ?l?d?d?d?d?u for job = DemoJob
2017-07-24 19:36:58,888 INFO  DemoJob:28 - Progress: mask = ?l?l?l?d?d?l?l for job = DemoJob
2017-07-24 19:36:59,390 INFO  DemoJob:28 - Progress: mask = ?l?l?l?u?d for job = DemoJob
2017-07-24 19:36:59,893 INFO  DemoJob:28 - Progress: mask = ?l?s?l?d?d?d?d for job = DemoJob
2017-07-24 19:37:00,395 INFO  DemoJob:28 - Progress: mask = ?u?u?d?u?d?d for job = DemoJob
2017-07-24 19:37:00,898 INFO  DemoJob:28 - Progress: mask = ?d?d?d?u?d?d?d for job = DemoJob
2017-07-24 19:37:01,400 INFO  DemoJob:28 - Progress: mask = ?u?u?u?u?s?d for job = DemoJob
2017-07-24 19:37:01,401 INFO  Worker:47 - Finished job 'DemoJob [masks=[?u?u?d?d?u?d, ?d?d?u?u?u?d, ?u?u?u?u?d?d?d?d, ?l?d?d?d?d?u, ?l?l?l?d?d?l?l, ?l?l?l?u?d, ?l?s?l?d?d?d?d, ?u?u?d?u?d?d, ?d?d?d?u?d?d?d, ?u?u?u?u?s?d]]' in '5024 ms'
2017-07-24 19:37:01,403 DEBUG Worker:35 - submitJob(DemoJob [masks=[?d?d?d?s?u, ?u?d?u?u?u?d, ?l?l?d?s?d?d, ?u?s?u?d?d?d, ?u?l?l?l?l?l?l, ?l?l?l?l?l?d?l, ?d?d?d?d?u?d?d, ?l?l?l?l?l?l?s, ?s?s?s?d?d?d, ?d?d?l?l?s]])
2017-07-24 19:37:01,905 INFO  DemoJob:28 - Progress: mask = ?d?d?d?s?u for job = DemoJob
2017-07-24 19:37:02,406 INFO  DemoJob:28 - Progress: mask = ?u?d?u?u?u?d for job = DemoJob
2017-07-24 19:37:02,910 INFO  DemoJob:28 - Progress: mask = ?l?l?d?s?d?d for job = DemoJob
2017-07-24 19:37:03,416 INFO  DemoJob:28 - Progress: mask = ?u?s?u?d?d?d for job = DemoJob
2017-07-24 19:37:03,919 INFO  DemoJob:28 - Progress: mask = ?u?l?l?l?l?l?l for job = DemoJob
2017-07-24 19:37:04,422 INFO  DemoJob:28 - Progress: mask = ?l?l?l?l?l?d?l for job = DemoJob
2017-07-24 19:37:04,926 INFO  DemoJob:28 - Progress: mask = ?d?d?d?d?u?d?d for job = DemoJob
2017-07-24 19:37:05,428 INFO  DemoJob:28 - Progress: mask = ?l?l?l?l?l?l?s for job = DemoJob
2017-07-24 19:37:05,931 INFO  DemoJob:28 - Progress: mask = ?s?s?s?d?d?d for job = DemoJob
2017-07-24 19:37:06,456 INFO  DemoJob:28 - Progress: mask = ?d?d?l?l?s for job = DemoJob
2017-07-24 19:37:06,459 INFO  Worker:47 - Finished job 'DemoJob [masks=[?d?d?d?s?u, ?u?d?u?u?u?d, ?l?l?d?s?d?d, ?u?s?u?d?d?d, ?u?l?l?l?l?l?l, ?l?l?l?l?l?d?l, ?d?d?d?d?u?d?d, ?l?l?l?l?l?l?s, ?s?s?s?d?d?d, ?d?d?l?l?s]]' in '5054 ms'
2017-07-24 19:37:06,464 DEBUG Worker:35 - submitJob(DemoJob [masks=[?d?d?d?l?l?s, ?u?l?l?u?u, ?l?l?l?l?d?d?l, ?l?d?l?l?s, ?l?d?d?l?l?d?d, ?u?l?d?d?d?d?d?d, ?l?l?l?d?d?d?s, ?u?d?u?d?u?u, ?u?u?u?d?u?d, ?l?s?l?l?l?d]])
2017-07-24 19:37:06,965 INFO  DemoJob:28 - Progress: mask = ?d?d?d?l?l?s for job = DemoJob
2017-07-24 19:37:07,468 INFO  DemoJob:28 - Progress: mask = ?u?l?l?u?u for job = DemoJob
2017-07-24 19:37:07,970 INFO  DemoJob:28 - Progress: mask = ?l?l?l?l?d?d?l for job = DemoJob
2017-07-24 19:37:08,472 INFO  DemoJob:28 - Progress: mask = ?l?d?l?l?s for job = DemoJob
2017-07-24 19:37:08,975 INFO  DemoJob:28 - Progress: mask = ?l?d?d?l?l?d?d for job = DemoJob
2017-07-24 19:37:09,477 INFO  DemoJob:28 - Progress: mask = ?u?l?d?d?d?d?d?d for job = DemoJob
2017-07-24 19:37:09,980 INFO  DemoJob:28 - Progress: mask = ?l?l?l?d?d?d?s for job = DemoJob
2017-07-24 19:37:10,482 INFO  DemoJob:28 - Progress: mask = ?u?d?u?d?u?u for job = DemoJob
2017-07-24 19:37:10,985 INFO  DemoJob:28 - Progress: mask = ?u?u?u?d?u?d for job = DemoJob
2017-07-24 19:37:11,487 INFO  DemoJob:28 - Progress: mask = ?l?s?l?l?l?d for job = DemoJob
2017-07-24 19:37:11,490 INFO  Worker:47 - Finished job 'DemoJob [masks=[?d?d?d?l?l?s, ?u?l?l?u?u, ?l?l?l?l?d?d?l, ?l?d?l?l?s, ?l?d?d?l?l?d?d, ?u?l?d?d?d?d?d?d, ?l?l?l?d?d?d?s, ?u?d?u?d?u?u, ?u?u?u?d?u?d, ?l?s?l?l?l?d]]' in '5024 ms'
2017-07-24 19:37:11,494 DEBUG Worker:35 - submitJob(DemoJob [masks=[?u?l?d?d?l?l, ?u?d?d?l?l?l, ?l?d?l?l?u, ?l?l?u?u?d, ?u?u?u?l?d, ?s?d?d?d?d?d?s, ?u?l?l?l?u?d, ?l?s?d?l?l, ?u?s?u?u, ?u?l?s?l]])
2017-07-24 19:37:11,996 INFO  DemoJob:28 - Progress: mask = ?u?l?d?d?l?l for job = DemoJob
2017-07-24 19:37:12,498 INFO  DemoJob:28 - Progress: mask = ?u?d?d?l?l?l for job = DemoJob
2017-07-24 19:37:13,000 INFO  DemoJob:28 - Progress: mask = ?l?d?l?l?u for job = DemoJob
2017-07-24 19:37:13,502 INFO  DemoJob:28 - Progress: mask = ?l?l?u?u?d for job = DemoJob
2017-07-24 19:37:14,005 INFO  DemoJob:28 - Progress: mask = ?u?u?u?l?d for job = DemoJob
2017-07-24 19:37:14,507 INFO  DemoJob:28 - Progress: mask = ?s?d?d?d?d?d?s for job = DemoJob
2017-07-24 19:37:15,009 INFO  DemoJob:28 - Progress: mask = ?u?l?l?l?u?d for job = DemoJob
2017-07-24 19:37:15,510 INFO  DemoJob:28 - Progress: mask = ?l?s?d?l?l for job = DemoJob
2017-07-24 19:37:16,013 INFO  DemoJob:28 - Progress: mask = ?u?s?u?u for job = DemoJob
2017-07-24 19:37:16,515 INFO  DemoJob:28 - Progress: mask = ?u?l?s?l for job = DemoJob
2017-07-24 19:37:16,518 INFO  Worker:47 - Finished job 'DemoJob [masks=[?u?l?d?d?l?l, ?u?d?d?l?l?l, ?l?d?l?l?u, ?l?l?u?u?d, ?u?u?u?l?d, ?s?d?d?d?d?d?s, ?u?l?l?l?u?d, ?l?s?d?l?l, ?u?s?u?u, ?u?l?s?l]]' in '5022 ms'
2017-07-24 19:37:16,522 DEBUG Worker:35 - submitJob(DemoJob [masks=[?d?d?d?l?d?d?d?d, ?d?d?d?d?l?l?d?d, ?u?l?d?l?l?l, ?l?l?s?l?l?d, ?l?d?s?l?l, ?d?d?d?d?s?l?l, ?l?l?l?l?d?l?d, ?d?d?d?l?s?l, ?d?d?l?l?l?s, ?l?u?l?l?u]])
2017-07-24 19:37:17,024 INFO  DemoJob:28 - Progress: mask = ?d?d?d?l?d?d?d?d for job = DemoJob
2017-07-24 19:37:17,526 INFO  DemoJob:28 - Progress: mask = ?d?d?d?d?l?l?d?d for job = DemoJob
2017-07-24 19:37:18,029 INFO  DemoJob:28 - Progress: mask = ?u?l?d?l?l?l for job = DemoJob
2017-07-24 19:37:18,530 INFO  DemoJob:28 - Progress: mask = ?l?l?s?l?l?d for job = DemoJob
2017-07-24 19:37:19,033 INFO  DemoJob:28 - Progress: mask = ?l?d?s?l?l for job = DemoJob
2017-07-24 19:37:19,536 INFO  DemoJob:28 - Progress: mask = ?d?d?d?d?s?l?l for job = DemoJob
2017-07-24 19:37:20,039 INFO  DemoJob:28 - Progress: mask = ?l?l?l?l?d?l?d for job = DemoJob
2017-07-24 19:37:20,541 INFO  DemoJob:28 - Progress: mask = ?d?d?d?l?s?l for job = DemoJob
2017-07-24 19:37:21,043 INFO  DemoJob:28 - Progress: mask = ?d?d?l?l?l?s for job = DemoJob
2017-07-24 19:37:21,546 INFO  DemoJob:28 - Progress: mask = ?l?u?l?l?u for job = DemoJob
2017-07-24 19:37:21,548 INFO  Worker:47 - Finished job 'DemoJob [masks=[?d?d?d?l?d?d?d?d, ?d?d?d?d?l?l?d?d, ?u?l?d?l?l?l, ?l?l?s?l?l?d, ?l?d?s?l?l, ?d?d?d?d?s?l?l, ?l?l?l?l?d?l?d, ?d?d?d?l?s?l, ?d?d?l?l?l?s, ?l?u?l?l?u]]' in '5025 ms'
2017-07-24 19:37:21,551 DEBUG Worker:35 - submitJob(DemoJob [masks=[?s?l?l?l?d, ?d?l?l?l?s, ?u?d?d?u?d?u, ?s?l?s?l, ?l?s?l?l?s, ?s?u?u?s, ?s?l?l?s, ?s?s?l?l, ?l?u?u?u?u?d, ?l?s?d?d?l]])
2017-07-24 19:37:22,052 INFO  DemoJob:28 - Progress: mask = ?s?l?l?l?d for job = DemoJob
2017-07-24 19:37:22,554 INFO  DemoJob:28 - Progress: mask = ?d?l?l?l?s for job = DemoJob
2017-07-24 19:37:23,056 INFO  DemoJob:28 - Progress: mask = ?u?d?d?u?d?u for job = DemoJob
2017-07-24 19:37:23,559 INFO  DemoJob:28 - Progress: mask = ?s?l?s?l for job = DemoJob
2017-07-24 19:37:24,060 INFO  DemoJob:28 - Progress: mask = ?l?s?l?l?s for job = DemoJob
2017-07-24 19:37:24,570 INFO  DemoJob:28 - Progress: mask = ?s?u?u?s for job = DemoJob
2017-07-24 19:37:25,074 INFO  DemoJob:28 - Progress: mask = ?s?l?l?s for job = DemoJob
2017-07-24 19:37:25,576 INFO  DemoJob:28 - Progress: mask = ?s?s?l?l for job = DemoJob
2017-07-24 19:37:26,079 INFO  DemoJob:28 - Progress: mask = ?l?u?u?u?u?d for job = DemoJob
2017-07-24 19:37:26,582 INFO  DemoJob:28 - Progress: mask = ?l?s?d?d?l for job = DemoJob
2017-07-24 19:37:26,584 INFO  Worker:47 - Finished job 'DemoJob [masks=[?s?l?l?l?d, ?d?l?l?l?s, ?u?d?d?u?d?u, ?s?l?s?l, ?l?s?l?l?s, ?s?u?u?s, ?s?l?l?s, ?s?s?l?l, ?l?u?u?u?u?d, ?l?s?d?d?l]]' in '5032 ms'
2017-07-24 19:37:26,589 DEBUG Worker:35 - submitJob(DemoJob [masks=[?u?l?u?l?l?l, ?d?d?u?d?u?u, ?u?d?l?l?l?d, ?u?u?d?d?l?l, ?s?l?l?l?l?d, ?l?l?l?l?u?d, ?l?d?l?d?d?l?d, ?u?l?u?l?u?d, ?s?d?d?l?d, ?u?d?d?d?s]])
2017-07-24 19:37:27,090 INFO  DemoJob:28 - Progress: mask = ?u?l?u?l?l?l for job = DemoJob
2017-07-24 19:37:27,592 INFO  DemoJob:28 - Progress: mask = ?d?d?u?d?u?u for job = DemoJob
2017-07-24 19:37:28,094 INFO  DemoJob:28 - Progress: mask = ?u?d?l?l?l?d for job = DemoJob
2017-07-24 19:37:28,597 INFO  DemoJob:28 - Progress: mask = ?u?u?d?d?l?l for job = DemoJob
2017-07-24 19:37:29,099 INFO  DemoJob:28 - Progress: mask = ?s?l?l?l?l?d for job = DemoJob
2017-07-24 19:37:29,602 INFO  DemoJob:28 - Progress: mask = ?l?l?l?l?u?d for job = DemoJob
2017-07-24 19:37:30,104 INFO  DemoJob:28 - Progress: mask = ?l?d?l?d?d?l?d for job = DemoJob
2017-07-24 19:37:30,607 INFO  DemoJob:28 - Progress: mask = ?u?l?u?l?u?d for job = DemoJob
2017-07-24 19:37:31,109 INFO  DemoJob:28 - Progress: mask = ?s?d?d?l?d for job = DemoJob
2017-07-24 19:37:31,612 INFO  DemoJob:28 - Progress: mask = ?u?d?d?d?s for job = DemoJob
2017-07-24 19:37:31,614 INFO  Worker:47 - Finished job 'DemoJob [masks=[?u?l?u?l?l?l, ?d?d?u?d?u?u, ?u?d?l?l?l?d, ?u?u?d?d?l?l, ?s?l?l?l?l?d, ?l?l?l?l?u?d, ?l?d?l?d?d?l?d, ?u?l?u?l?u?d, ?s?d?d?l?d, ?u?d?d?d?s]]' in '5024 ms'
2017-07-24 19:37:31,618 DEBUG Worker:35 - submitJob(DemoJob [masks=[?u?u?d?u?d?u, ?l?u?u?l?d, ?l?l?u?l?u, ?l?u?l?l?d, ?u?u?l?u?u, ?l?l?u?l?d, ?d?d?u?l?l?d?d, ?l?d?d?l?l?l?l, ?d?d?l?d?d?d?d?d, ?u?d?d?l?d?l]])
2017-07-24 19:37:32,119 INFO  DemoJob:28 - Progress: mask = ?u?u?d?u?d?u for job = DemoJob
2017-07-24 19:37:32,622 INFO  DemoJob:28 - Progress: mask = ?l?u?u?l?d for job = DemoJob
2017-07-24 19:37:33,124 INFO  DemoJob:28 - Progress: mask = ?l?l?u?l?u for job = DemoJob
2017-07-24 19:37:33,626 INFO  DemoJob:28 - Progress: mask = ?l?u?l?l?d for job = DemoJob
2017-07-24 19:37:34,128 INFO  DemoJob:28 - Progress: mask = ?u?u?l?u?u for job = DemoJob
2017-07-24 19:37:34,631 INFO  DemoJob:28 - Progress: mask = ?l?l?u?l?d for job = DemoJob
2017-07-24 19:37:35,131 INFO  DemoJob:28 - Progress: mask = ?d?d?u?l?l?d?d for job = DemoJob
2017-07-24 19:37:35,634 INFO  DemoJob:28 - Progress: mask = ?l?d?d?l?l?l?l for job = DemoJob
2017-07-24 19:37:36,136 INFO  DemoJob:28 - Progress: mask = ?d?d?l?d?d?d?d?d for job = DemoJob
2017-07-24 19:37:36,638 INFO  DemoJob:28 - Progress: mask = ?u?d?d?l?d?l for job = DemoJob
2017-07-24 19:37:36,639 INFO  Worker:47 - Finished job 'DemoJob [masks=[?u?u?d?u?d?u, ?l?u?u?l?d, ?l?l?u?l?u, ?l?u?l?l?d, ?u?u?l?u?u, ?l?l?u?l?d, ?d?d?u?l?l?d?d, ?l?d?d?l?l?l?l, ?d?d?l?d?d?d?d?d, ?u?d?d?l?d?l]]' in '5020 ms'
2017-07-24 19:37:36,641 DEBUG Worker:35 - submitJob(DemoJob [masks=[?l?l?d?d?l?l?d, ?l?d?l?d?l?d?l?d, ?d?d?l?d?d?d?l, ?d?d?d?l?d?d?l, ?l?l?l?l?u?u, ?d?d?d?u?l?u, ?u?u?d?d?d?l, ?d?d?u?u?u?u?u, ?l?l?s?s?s, ?l?l?l?s?s?s]])
2017-07-24 19:37:37,141 INFO  DemoJob:28 - Progress: mask = ?l?l?d?d?l?l?d for job = DemoJob
2017-07-24 19:37:37,644 INFO  DemoJob:28 - Progress: mask = ?l?d?l?d?l?d?l?d for job = DemoJob
2017-07-24 19:37:38,145 INFO  DemoJob:28 - Progress: mask = ?d?d?l?d?d?d?l for job = DemoJob
2017-07-24 19:37:38,647 INFO  DemoJob:28 - Progress: mask = ?d?d?d?l?d?d?l for job = DemoJob
2017-07-24 19:37:39,149 INFO  DemoJob:28 - Progress: mask = ?l?l?l?l?u?u for job = DemoJob
2017-07-24 19:37:39,651 INFO  DemoJob:28 - Progress: mask = ?d?d?d?u?l?u for job = DemoJob
2017-07-24 19:37:40,153 INFO  DemoJob:28 - Progress: mask = ?u?u?d?d?d?l for job = DemoJob
2017-07-24 19:37:40,655 INFO  DemoJob:28 - Progress: mask = ?d?d?u?u?u?u?u for job = DemoJob
2017-07-24 19:37:41,159 INFO  DemoJob:28 - Progress: mask = ?l?l?s?s?s for job = DemoJob
2017-07-24 19:37:41,661 INFO  DemoJob:28 - Progress: mask = ?l?l?l?s?s?s for job = DemoJob
2017-07-24 19:37:41,663 INFO  Worker:47 - Finished job 'DemoJob [masks=[?l?l?d?d?l?l?d, ?l?d?l?d?l?d?l?d, ?d?d?l?d?d?d?l, ?d?d?d?l?d?d?l, ?l?l?l?l?u?u, ?d?d?d?u?l?u, ?u?u?d?d?d?l, ?d?d?u?u?u?u?u, ?l?l?s?s?s, ?l?l?l?s?s?s]]' in '5022 ms'
2017-07-24 19:37:41,664 DEBUG Worker:35 - submitJob(DemoJob [masks=[?s?d?l?l?d, ?s?l?d?d?l, ?l?d?l?s?d, ?d?d?s?u?u, ?u?d?l?s?d, ?s?d?d?l?l, ?u?l?l?l?l?l?d?d]])
2017-07-24 19:37:42,165 INFO  DemoJob:28 - Progress: mask = ?s?d?l?l?d for job = DemoJob
2017-07-24 19:37:42,667 INFO  DemoJob:28 - Progress: mask = ?s?l?d?d?l for job = DemoJob
2017-07-24 19:37:43,169 INFO  DemoJob:28 - Progress: mask = ?l?d?l?s?d for job = DemoJob
2017-07-24 19:37:43,671 INFO  DemoJob:28 - Progress: mask = ?d?d?s?u?u for job = DemoJob
2017-07-24 19:37:44,175 INFO  DemoJob:28 - Progress: mask = ?u?d?l?s?d for job = DemoJob
2017-07-24 19:37:44,677 INFO  DemoJob:28 - Progress: mask = ?s?d?d?l?l for job = DemoJob
2017-07-24 19:37:45,179 INFO  DemoJob:28 - Progress: mask = ?u?l?l?l?l?l?d?d for job = DemoJob
2017-07-24 19:37:45,181 INFO  Worker:47 - Finished job 'DemoJob [masks=[?s?d?l?l?d, ?s?l?d?d?l, ?l?d?l?s?d, ?d?d?s?u?u, ?u?d?l?s?d, ?s?d?d?l?l, ?u?l?l?l?l?l?d?d]]' in '3517 ms'
2017-07-24 19:37:45,185 INFO  Worker:95 - Master called node to terminate. Terminating.
2017-07-24 19:37:45,202 INFO  Worker:77 - #id = 1
2017-07-24 19:37:45,204 INFO  Worker:78 - #Total worker runtime: 00:03:17
2017-07-24 19:37:45,204 INFO  Worker:79 - #submitJob = 30
2017-07-24 19:37:45,205 INFO  Worker:80 - #totalJobDuration = 00:02:29
