2017-07-24 19:35:26,951 INFO  MainClass:184 - Worker started up on host 'nb-jowo'
2017-07-24 19:35:27,449 INFO  DemoJob:28 - Progress: mask = ?s?s for job = DemoJob
2017-07-24 19:35:27,955 INFO  DemoJob:28 - Progress: mask = ?d?d?d?d?l?l for job = DemoJob
2017-07-24 19:35:28,457 INFO  DemoJob:28 - Progress: mask = ?l?l?d?d?d for job = DemoJob
2017-07-24 19:35:28,960 INFO  DemoJob:28 - Progress: mask = ?d?d?d?d?d?l for job = DemoJob
2017-07-24 19:35:29,464 INFO  DemoJob:28 - Progress: mask = ?d?d?d?d?d?d?d?d for job = DemoJob
2017-07-24 19:35:29,968 INFO  DemoJob:28 - Progress: mask = ?d?l for job = DemoJob
2017-07-24 19:35:30,491 INFO  DemoJob:28 - Progress: mask = ?u?l?l for job = DemoJob
2017-07-24 19:35:30,996 INFO  DemoJob:28 - Progress: mask = ?l?s for job = DemoJob
2017-07-24 19:35:31,509 INFO  DemoJob:28 - Progress: mask = ?l?l?l?l?d for job = DemoJob
2017-07-24 19:35:32,019 INFO  DemoJob:28 - Progress: mask = ?l?l?l?d for job = DemoJob
2017-07-24 19:35:32,026 INFO  Worker:47 - Finished job 'DemoJob [masks=[?s?s, ?d?d?d?d?l?l, ?l?l?d?d?d, ?d?d?d?d?d?l, ?d?d?d?d?d?d?d?d, ?d?l, ?u?l?l, ?l?s, ?l?l?l?l?d, ?l?l?l?d]]' in '5076 ms'
2017-07-24 19:35:32,034 DEBUG Worker:35 - submitJob(DemoJob [masks=[?d?s?d, ?l?s?l, ?l?d?d?d?d?l, ?d?d?s?d?d, ?u?d?d, ?d?d?l, ?d?d?d?l?l?l, ?u?d?d?d?d?d, ?d?d?l?d?d, ?d?d?s]])
2017-07-24 19:35:32,535 INFO  DemoJob:28 - Progress: mask = ?d?s?d for job = DemoJob
2017-07-24 19:35:33,045 INFO  DemoJob:28 - Progress: mask = ?l?s?l for job = DemoJob
2017-07-24 19:35:33,546 INFO  DemoJob:28 - Progress: mask = ?l?d?d?d?d?l for job = DemoJob
2017-07-24 19:35:34,049 INFO  DemoJob:28 - Progress: mask = ?d?d?s?d?d for job = DemoJob
2017-07-24 19:35:34,552 INFO  DemoJob:28 - Progress: mask = ?u?d?d for job = DemoJob
2017-07-24 19:35:35,054 INFO  DemoJob:28 - Progress: mask = ?d?d?l for job = DemoJob
2017-07-24 19:35:35,557 INFO  DemoJob:28 - Progress: mask = ?d?d?d?l?l?l for job = DemoJob
2017-07-24 19:35:36,061 INFO  DemoJob:28 - Progress: mask = ?u?d?d?d?d?d for job = DemoJob
2017-07-24 19:35:36,564 INFO  DemoJob:28 - Progress: mask = ?d?d?l?d?d for job = DemoJob
2017-07-24 19:35:37,070 INFO  DemoJob:28 - Progress: mask = ?d?d?s for job = DemoJob
2017-07-24 19:35:37,073 INFO  Worker:47 - Finished job 'DemoJob [masks=[?d?s?d, ?l?s?l, ?l?d?d?d?d?l, ?d?d?s?d?d, ?u?d?d, ?d?d?l, ?d?d?d?l?l?l, ?u?d?d?d?d?d, ?d?d?l?d?d, ?d?d?s]]' in '5038 ms'
2017-07-24 19:35:37,079 DEBUG Worker:35 - submitJob(DemoJob [masks=[?l?d?d?l, ?s?d?d?d?d, ?d?l?l?l?l, ?l?l?s, ?d?d?d?d?l?d, ?d?d?d?d?d?d?d?d?d, ?d?d?l?l?l?l, ?l?l?d?l, ?d?d?d?l?d, ?l?d?l?l]])
2017-07-24 19:35:37,580 INFO  DemoJob:28 - Progress: mask = ?l?d?d?l for job = DemoJob
2017-07-24 19:35:38,084 INFO  DemoJob:28 - Progress: mask = ?s?d?d?d?d for job = DemoJob
2017-07-24 19:35:38,586 INFO  DemoJob:28 - Progress: mask = ?d?l?l?l?l for job = DemoJob
2017-07-24 19:35:39,088 INFO  DemoJob:28 - Progress: mask = ?l?l?s for job = DemoJob
2017-07-24 19:35:39,592 INFO  DemoJob:28 - Progress: mask = ?d?d?d?d?l?d for job = DemoJob
2017-07-24 19:35:40,094 INFO  DemoJob:28 - Progress: mask = ?d?d?d?d?d?d?d?d?d for job = DemoJob
2017-07-24 19:35:40,597 INFO  DemoJob:28 - Progress: mask = ?d?d?l?l?l?l for job = DemoJob
2017-07-24 19:35:41,102 INFO  DemoJob:28 - Progress: mask = ?l?l?d?l for job = DemoJob
2017-07-24 19:35:41,605 INFO  DemoJob:28 - Progress: mask = ?d?d?d?l?d for job = DemoJob
2017-07-24 19:35:42,107 INFO  DemoJob:28 - Progress: mask = ?l?d?l?l for job = DemoJob
2017-07-24 19:35:42,110 INFO  Worker:47 - Finished job 'DemoJob [masks=[?l?d?d?l, ?s?d?d?d?d, ?d?l?l?l?l, ?l?l?s, ?d?d?d?d?l?d, ?d?d?d?d?d?d?d?d?d, ?d?d?l?l?l?l, ?l?l?d?l, ?d?d?d?l?d, ?l?d?l?l]]' in '5030 ms'
2017-07-24 19:35:42,116 DEBUG Worker:35 - submitJob(DemoJob [masks=[?l?d?l?d?l, ?u?l?l?d?d, ?u?u?l, ?l?d?d?l?d, ?u?u?u?u?u?u, ?l?l?d?l?l, ?d?d?d?d?d?d?u, ?l?d?l?l?l, ?l?l?d?d?l, ?u?d?l]])
2017-07-24 19:35:42,616 INFO  DemoJob:28 - Progress: mask = ?l?d?l?d?l for job = DemoJob
2017-07-24 19:35:43,119 INFO  DemoJob:28 - Progress: mask = ?u?l?l?d?d for job = DemoJob
2017-07-24 19:35:43,626 INFO  DemoJob:28 - Progress: mask = ?u?u?l for job = DemoJob
2017-07-24 19:35:44,130 INFO  DemoJob:28 - Progress: mask = ?l?d?d?l?d for job = DemoJob
2017-07-24 19:35:44,631 INFO  DemoJob:28 - Progress: mask = ?u?u?u?u?u?u for job = DemoJob
2017-07-24 19:35:45,135 INFO  DemoJob:28 - Progress: mask = ?l?l?d?l?l for job = DemoJob
2017-07-24 19:35:45,637 INFO  DemoJob:28 - Progress: mask = ?d?d?d?d?d?d?u for job = DemoJob
2017-07-24 19:35:46,141 INFO  DemoJob:28 - Progress: mask = ?l?d?l?l?l for job = DemoJob
2017-07-24 19:35:46,644 INFO  DemoJob:28 - Progress: mask = ?l?l?d?d?l for job = DemoJob
2017-07-24 19:35:47,148 INFO  DemoJob:28 - Progress: mask = ?u?d?l for job = DemoJob
2017-07-24 19:35:47,154 INFO  Worker:47 - Finished job 'DemoJob [masks=[?l?d?l?d?l, ?u?l?l?d?d, ?u?u?l, ?l?d?d?l?d, ?u?u?u?u?u?u, ?l?l?d?l?l, ?d?d?d?d?d?d?u, ?l?d?l?l?l, ?l?l?d?d?l, ?u?d?l]]' in '5037 ms'
2017-07-24 19:35:47,158 DEBUG Worker:35 - submitJob(DemoJob [masks=[?u?u?u?u?u?d, ?l?s?d?d, ?d?d?d?d?d?l?l, ?d?d?s?d?d?d, ?d?l?d?l?d, ?l?l?d?l?d, ?u?l?l?d?d?d, ?s?d?s, ?s?s?d, ?d?l?l?l?d?d]])
2017-07-24 19:35:47,668 INFO  DemoJob:28 - Progress: mask = ?u?u?u?u?u?d for job = DemoJob
2017-07-24 19:35:48,173 INFO  DemoJob:28 - Progress: mask = ?l?s?d?d for job = DemoJob
2017-07-24 19:35:48,677 INFO  DemoJob:28 - Progress: mask = ?d?d?d?d?d?l?l for job = DemoJob
2017-07-24 19:35:49,178 INFO  DemoJob:28 - Progress: mask = ?d?d?s?d?d?d for job = DemoJob
2017-07-24 19:35:49,681 INFO  DemoJob:28 - Progress: mask = ?d?l?d?l?d for job = DemoJob
2017-07-24 19:35:50,182 INFO  DemoJob:28 - Progress: mask = ?l?l?d?l?d for job = DemoJob
2017-07-24 19:35:50,684 INFO  DemoJob:28 - Progress: mask = ?u?l?l?d?d?d for job = DemoJob
2017-07-24 19:35:51,188 INFO  DemoJob:28 - Progress: mask = ?s?d?s for job = DemoJob
2017-07-24 19:35:51,690 INFO  DemoJob:28 - Progress: mask = ?s?s?d for job = DemoJob
2017-07-24 19:35:52,194 INFO  DemoJob:28 - Progress: mask = ?d?l?l?l?d?d for job = DemoJob
2017-07-24 19:35:52,197 INFO  Worker:47 - Finished job 'DemoJob [masks=[?u?u?u?u?u?d, ?l?s?d?d, ?d?d?d?d?d?l?l, ?d?d?s?d?d?d, ?d?l?d?l?d, ?l?l?d?l?d, ?u?l?l?d?d?d, ?s?d?s, ?s?s?d, ?d?l?l?l?d?d]]' in '5029 ms'
2017-07-24 19:35:52,201 DEBUG Worker:35 - submitJob(DemoJob [masks=[?u?l?l?d, ?l?l?l?l?l?l?d, ?d?d?d?u?u?u, ?u?u?u?d?d?d?d, ?l?d?l?l?d?d, ?l?l?l?s?d?d, ?d?d?s?d, ?d?l?d?l, ?u?l?l?l?l?d, ?u?l?d?d?d]])
2017-07-24 19:35:52,703 INFO  DemoJob:28 - Progress: mask = ?u?l?l?d for job = DemoJob
2017-07-24 19:35:53,205 INFO  DemoJob:28 - Progress: mask = ?l?l?l?l?l?l?d for job = DemoJob
2017-07-24 19:35:53,715 INFO  DemoJob:28 - Progress: mask = ?d?d?d?u?u?u for job = DemoJob
2017-07-24 19:35:54,216 INFO  DemoJob:28 - Progress: mask = ?u?u?u?d?d?d?d for job = DemoJob
2017-07-24 19:35:54,719 INFO  DemoJob:28 - Progress: mask = ?l?d?l?l?d?d for job = DemoJob
2017-07-24 19:35:55,223 INFO  DemoJob:28 - Progress: mask = ?l?l?l?s?d?d for job = DemoJob
2017-07-24 19:35:55,726 INFO  DemoJob:28 - Progress: mask = ?d?d?s?d for job = DemoJob
2017-07-24 19:35:56,230 INFO  DemoJob:28 - Progress: mask = ?d?l?d?l for job = DemoJob
2017-07-24 19:35:56,732 INFO  DemoJob:28 - Progress: mask = ?u?l?l?l?l?d for job = DemoJob
2017-07-24 19:35:57,237 INFO  DemoJob:28 - Progress: mask = ?u?l?d?d?d for job = DemoJob
2017-07-24 19:35:57,240 INFO  Worker:47 - Finished job 'DemoJob [masks=[?u?l?l?d, ?l?l?l?l?l?l?d, ?d?d?d?u?u?u, ?u?u?u?d?d?d?d, ?l?d?l?l?d?d, ?l?l?l?s?d?d, ?d?d?s?d, ?d?l?d?l, ?u?l?l?l?l?d, ?u?l?d?d?d]]' in '5037 ms'
2017-07-24 19:35:57,245 DEBUG Worker:35 - submitJob(DemoJob [masks=[?l?l?d?l?d?d, ?l?d?l?l?d?l, ?l?l?l?s?d, ?d?s?d?s?d?d, ?d?d?l?l?l?d?d, ?u?d?d?u?d?d, ?d?l?l?d?l, ?s?d?d?d?d?s, ?d?s?d?d?d?d, ?d?u?u?u]])
2017-07-24 19:35:57,745 INFO  DemoJob:28 - Progress: mask = ?l?l?d?l?d?d for job = DemoJob
2017-07-24 19:35:58,249 INFO  DemoJob:28 - Progress: mask = ?l?d?l?l?d?l for job = DemoJob
2017-07-24 19:35:58,752 INFO  DemoJob:28 - Progress: mask = ?l?l?l?s?d for job = DemoJob
2017-07-24 19:35:59,255 INFO  DemoJob:28 - Progress: mask = ?d?s?d?s?d?d for job = DemoJob
2017-07-24 19:35:59,757 INFO  DemoJob:28 - Progress: mask = ?d?d?l?l?l?d?d for job = DemoJob
2017-07-24 19:36:00,260 INFO  DemoJob:28 - Progress: mask = ?u?d?d?u?d?d for job = DemoJob
2017-07-24 19:36:00,762 INFO  DemoJob:28 - Progress: mask = ?d?l?l?d?l for job = DemoJob
2017-07-24 19:36:01,265 INFO  DemoJob:28 - Progress: mask = ?s?d?d?d?d?s for job = DemoJob
2017-07-24 19:36:01,768 INFO  DemoJob:28 - Progress: mask = ?d?s?d?d?d?d for job = DemoJob
2017-07-24 19:36:02,271 INFO  DemoJob:28 - Progress: mask = ?d?u?u?u for job = DemoJob
2017-07-24 19:36:02,274 INFO  Worker:47 - Finished job 'DemoJob [masks=[?l?l?d?l?d?d, ?l?d?l?l?d?l, ?l?l?l?s?d, ?d?s?d?s?d?d, ?d?d?l?l?l?d?d, ?u?d?d?u?d?d, ?d?l?l?d?l, ?s?d?d?d?d?s, ?d?s?d?d?d?d, ?d?u?u?u]]' in '5029 ms'
2017-07-24 19:36:02,277 DEBUG Worker:35 - submitJob(DemoJob [masks=[?d?d?l?d?l?d, ?u?d?u?u, ?l?s?d?d?d?d, ?l?d?d?l?d?l, ?l?l?l?s?l, ?d?d?d?l?d?d?d, ?l?d?l?d?d?l, ?l?l?s?l, ?d?d?u?u?d?d, ?d?d?d?d?u?d]])
2017-07-24 19:36:02,778 INFO  DemoJob:28 - Progress: mask = ?d?d?l?d?l?d for job = DemoJob
2017-07-24 19:36:03,281 INFO  DemoJob:28 - Progress: mask = ?u?d?u?u for job = DemoJob
2017-07-24 19:36:03,786 INFO  DemoJob:28 - Progress: mask = ?l?s?d?d?d?d for job = DemoJob
2017-07-24 19:36:04,289 INFO  DemoJob:28 - Progress: mask = ?l?d?d?l?d?l for job = DemoJob
2017-07-24 19:36:04,792 INFO  DemoJob:28 - Progress: mask = ?l?l?l?s?l for job = DemoJob
2017-07-24 19:36:05,295 INFO  DemoJob:28 - Progress: mask = ?d?d?d?l?d?d?d for job = DemoJob
2017-07-24 19:36:05,797 INFO  DemoJob:28 - Progress: mask = ?l?d?l?d?d?l for job = DemoJob
2017-07-24 19:36:06,300 INFO  DemoJob:28 - Progress: mask = ?l?l?s?l for job = DemoJob
2017-07-24 19:36:06,803 INFO  DemoJob:28 - Progress: mask = ?d?d?u?u?d?d for job = DemoJob
2017-07-24 19:36:07,306 INFO  DemoJob:28 - Progress: mask = ?d?d?d?d?u?d for job = DemoJob
2017-07-24 19:36:07,308 INFO  Worker:47 - Finished job 'DemoJob [masks=[?d?d?l?d?l?d, ?u?d?u?u, ?l?s?d?d?d?d, ?l?d?d?l?d?l, ?l?l?l?s?l, ?d?d?d?l?d?d?d, ?l?d?l?d?d?l, ?l?l?s?l, ?d?d?u?u?d?d, ?d?d?d?d?u?d]]' in '5030 ms'
2017-07-24 19:36:07,314 DEBUG Worker:35 - submitJob(DemoJob [masks=[?l?d?d?d?d?d?l, ?d?d?d?u?d?d, ?l?s?l?d?d, ?u?u?u?d?u, ?l?l?d?l?d?l, ?d?d?u?d?d?d, ?u?d?d?u?d, ?d?d?d?d?s?d?d, ?l?s?d?d?d, ?d?d?d?d?u?l]])
2017-07-24 19:36:07,814 INFO  DemoJob:28 - Progress: mask = ?l?d?d?d?d?d?l for job = DemoJob
2017-07-24 19:36:08,317 INFO  DemoJob:28 - Progress: mask = ?d?d?d?u?d?d for job = DemoJob
2017-07-24 19:36:08,819 INFO  DemoJob:28 - Progress: mask = ?l?s?l?d?d for job = DemoJob
2017-07-24 19:36:09,322 INFO  DemoJob:28 - Progress: mask = ?u?u?u?d?u for job = DemoJob
2017-07-24 19:36:09,825 INFO  DemoJob:28 - Progress: mask = ?l?l?d?l?d?l for job = DemoJob
2017-07-24 19:36:10,327 INFO  DemoJob:28 - Progress: mask = ?d?d?u?d?d?d for job = DemoJob
2017-07-24 19:36:10,829 INFO  DemoJob:28 - Progress: mask = ?u?d?d?u?d for job = DemoJob
2017-07-24 19:36:11,331 INFO  DemoJob:28 - Progress: mask = ?d?d?d?d?s?d?d for job = DemoJob
2017-07-24 19:36:11,835 INFO  DemoJob:28 - Progress: mask = ?l?s?d?d?d for job = DemoJob
2017-07-24 19:36:12,337 INFO  DemoJob:28 - Progress: mask = ?d?d?d?d?u?l for job = DemoJob
2017-07-24 19:36:12,340 INFO  Worker:47 - Finished job 'DemoJob [masks=[?l?d?d?d?d?d?l, ?d?d?d?u?d?d, ?l?s?l?d?d, ?u?u?u?d?u, ?l?l?d?l?d?l, ?d?d?u?d?d?d, ?u?d?d?u?d, ?d?d?d?d?s?d?d, ?l?s?d?d?d, ?d?d?d?d?u?l]]' in '5025 ms'
2017-07-24 19:36:12,344 DEBUG Worker:35 - submitJob(DemoJob [masks=[?d?d?d?d?s?l, ?u?u?d?d?u, ?d?d?l?d?l?l, ?l?s?l?s?l, ?d?l?l?d?l?l, ?d?u?d?d?d?d, ?l?l?l?d?d?s, ?u?u?l?l?l, ?l?l?l?l?l?l?d?d, ?l?s?l?s]])
2017-07-24 19:36:12,845 INFO  DemoJob:28 - Progress: mask = ?d?d?d?d?s?l for job = DemoJob
2017-07-24 19:36:13,348 INFO  DemoJob:28 - Progress: mask = ?u?u?d?d?u for job = DemoJob
2017-07-24 19:36:13,851 INFO  DemoJob:28 - Progress: mask = ?d?d?l?d?l?l for job = DemoJob
2017-07-24 19:36:14,353 INFO  DemoJob:28 - Progress: mask = ?l?s?l?s?l for job = DemoJob
2017-07-24 19:36:14,856 INFO  DemoJob:28 - Progress: mask = ?d?l?l?d?l?l for job = DemoJob
2017-07-24 19:36:15,359 INFO  DemoJob:28 - Progress: mask = ?d?u?d?d?d?d for job = DemoJob
2017-07-24 19:36:15,862 INFO  DemoJob:28 - Progress: mask = ?l?l?l?d?d?s for job = DemoJob
2017-07-24 19:36:16,363 INFO  DemoJob:28 - Progress: mask = ?u?u?l?l?l for job = DemoJob
2017-07-24 19:36:16,866 INFO  DemoJob:28 - Progress: mask = ?l?l?l?l?l?l?d?d for job = DemoJob
2017-07-24 19:36:17,367 INFO  DemoJob:28 - Progress: mask = ?l?s?l?s for job = DemoJob
2017-07-24 19:36:17,370 INFO  Worker:47 - Finished job 'DemoJob [masks=[?d?d?d?d?s?l, ?u?u?d?d?u, ?d?d?l?d?l?l, ?l?s?l?s?l, ?d?l?l?d?l?l, ?d?u?d?d?d?d, ?l?l?l?d?d?s, ?u?u?l?l?l, ?l?l?l?l?l?l?d?d, ?l?s?l?s]]' in '5024 ms'
2017-07-24 19:36:17,374 DEBUG Worker:35 - submitJob(DemoJob [masks=[?l?l?d?d?s, ?d?s?d?l, ?d?d?s?l, ?s?l?d?d, ?d?l?d?l?l?l, ?u?u?u?u?s, ?d?u?l?u, ?u?d?d?d?d?d?d?d, ?l?s?l?d?d?d, ?l?u?u?u]])
2017-07-24 19:36:17,876 INFO  DemoJob:28 - Progress: mask = ?l?l?d?d?s for job = DemoJob
2017-07-24 19:36:18,378 INFO  DemoJob:28 - Progress: mask = ?d?s?d?l for job = DemoJob
2017-07-24 19:36:18,883 INFO  DemoJob:28 - Progress: mask = ?d?d?s?l for job = DemoJob
2017-07-24 19:36:19,386 INFO  DemoJob:28 - Progress: mask = ?s?l?d?d for job = DemoJob
2017-07-24 19:36:19,890 INFO  DemoJob:28 - Progress: mask = ?d?l?d?l?l?l for job = DemoJob
2017-07-24 19:36:20,393 INFO  DemoJob:28 - Progress: mask = ?u?u?u?u?s for job = DemoJob
2017-07-24 19:36:20,895 INFO  DemoJob:28 - Progress: mask = ?d?u?l?u for job = DemoJob
2017-07-24 19:36:21,398 INFO  DemoJob:28 - Progress: mask = ?u?d?d?d?d?d?d?d for job = DemoJob
2017-07-24 19:36:21,900 INFO  DemoJob:28 - Progress: mask = ?l?s?l?d?d?d for job = DemoJob
2017-07-24 19:36:22,403 INFO  DemoJob:28 - Progress: mask = ?l?u?u?u for job = DemoJob
2017-07-24 19:36:22,404 INFO  Worker:47 - Finished job 'DemoJob [masks=[?l?l?d?d?s, ?d?s?d?l, ?d?d?s?l, ?s?l?d?d, ?d?l?d?l?l?l, ?u?u?u?u?s, ?d?u?l?u, ?u?d?d?d?d?d?d?d, ?l?s?l?d?d?d, ?l?u?u?u]]' in '5029 ms'
2017-07-24 19:36:22,406 DEBUG Worker:35 - submitJob(DemoJob [masks=[?d?d?u?d?d?u, ?u?d?d?u?u, ?l?d?l?d?d?d?d, ?d?l?d?d?d?d?d, ?d?d?d?d?u?u?u, ?u?s?d?d?d?d, ?l?l?u?d?d, ?u?u?d?u?d, ?u?l?l?l?s, ?d?d?s?d?s?d?d]])
2017-07-24 19:36:22,908 INFO  DemoJob:28 - Progress: mask = ?d?d?u?d?d?u for job = DemoJob
2017-07-24 19:36:23,412 INFO  DemoJob:28 - Progress: mask = ?u?d?d?u?u for job = DemoJob
2017-07-24 19:36:23,914 INFO  DemoJob:28 - Progress: mask = ?l?d?l?d?d?d?d for job = DemoJob
2017-07-24 19:36:24,417 INFO  DemoJob:28 - Progress: mask = ?d?l?d?d?d?d?d for job = DemoJob
2017-07-24 19:36:24,920 INFO  DemoJob:28 - Progress: mask = ?d?d?d?d?u?u?u for job = DemoJob
2017-07-24 19:36:25,423 INFO  DemoJob:28 - Progress: mask = ?u?s?d?d?d?d for job = DemoJob
2017-07-24 19:36:25,925 INFO  DemoJob:28 - Progress: mask = ?l?l?u?d?d for job = DemoJob
2017-07-24 19:36:26,428 INFO  DemoJob:28 - Progress: mask = ?u?u?d?u?d for job = DemoJob
2017-07-24 19:36:26,930 INFO  DemoJob:28 - Progress: mask = ?u?l?l?l?s for job = DemoJob
2017-07-24 19:36:27,433 INFO  DemoJob:28 - Progress: mask = ?d?d?s?d?s?d?d for job = DemoJob
2017-07-24 19:36:27,434 INFO  Worker:47 - Finished job 'DemoJob [masks=[?d?d?u?d?d?u, ?u?d?d?u?u, ?l?d?l?d?d?d?d, ?d?l?d?d?d?d?d, ?d?d?d?d?u?u?u, ?u?s?d?d?d?d, ?l?l?u?d?d, ?u?u?d?u?d, ?u?l?l?l?s, ?d?d?s?d?s?d?d]]' in '5026 ms'
2017-07-24 19:36:27,435 DEBUG Worker:35 - submitJob(DemoJob [masks=[?l?l?l?l?s?d?d, ?l?u?u?d?d?d, ?u?l?u?l?l, ?l?l?d?d?d?l?l, ?l?d?d?d?d?d?d?d?d, ?u?u?u?u?u?u?d, ?l?l?l?l?s?l, ?d?d?d?d?l?l?d, ?u?u?u?s?d?d, ?l?l?d?d?d?d?l]])
2017-07-24 19:36:27,936 INFO  DemoJob:28 - Progress: mask = ?l?l?l?l?s?d?d for job = DemoJob
2017-07-24 19:36:28,437 INFO  DemoJob:28 - Progress: mask = ?l?u?u?d?d?d for job = DemoJob
2017-07-24 19:36:28,939 INFO  DemoJob:28 - Progress: mask = ?u?l?u?l?l for job = DemoJob
2017-07-24 19:36:29,442 INFO  DemoJob:28 - Progress: mask = ?l?l?d?d?d?l?l for job = DemoJob
2017-07-24 19:36:29,945 INFO  DemoJob:28 - Progress: mask = ?l?d?d?d?d?d?d?d?d for job = DemoJob
2017-07-24 19:36:30,447 INFO  DemoJob:28 - Progress: mask = ?u?u?u?u?u?u?d for job = DemoJob
2017-07-24 19:36:30,950 INFO  DemoJob:28 - Progress: mask = ?l?l?l?l?s?l for job = DemoJob
2017-07-24 19:36:31,452 INFO  DemoJob:28 - Progress: mask = ?d?d?d?d?l?l?d for job = DemoJob
2017-07-24 19:36:31,955 INFO  DemoJob:28 - Progress: mask = ?u?u?u?s?d?d for job = DemoJob
2017-07-24 19:36:32,457 INFO  DemoJob:28 - Progress: mask = ?l?l?d?d?d?d?l for job = DemoJob
2017-07-24 19:36:32,459 INFO  Worker:47 - Finished job 'DemoJob [masks=[?l?l?l?l?s?d?d, ?l?u?u?d?d?d, ?u?l?u?l?l, ?l?l?d?d?d?l?l, ?l?d?d?d?d?d?d?d?d, ?u?u?u?u?u?u?d, ?l?l?l?l?s?l, ?d?d?d?d?l?l?d, ?u?u?u?s?d?d, ?l?l?d?d?d?d?l]]' in '5023 ms'
2017-07-24 19:36:32,464 DEBUG Worker:35 - submitJob(DemoJob [masks=[?s?d?l?l?l, ?l?u?l?l?l, ?l?d?d?d?d?l?l, ?u?u?d?d?d?d?d?d, ?u?l?l?l?l?u, ?d?u?u?u?d?d, ?u?l?d?d?l, ?u?l?d?l?d, ?u?u?l?l?d?d, ?l?d?l?d?l?d?d]])
2017-07-24 19:36:32,966 INFO  DemoJob:28 - Progress: mask = ?s?d?l?l?l for job = DemoJob
2017-07-24 19:36:33,467 INFO  DemoJob:28 - Progress: mask = ?l?u?l?l?l for job = DemoJob
2017-07-24 19:36:33,970 INFO  DemoJob:28 - Progress: mask = ?l?d?d?d?d?l?l for job = DemoJob
2017-07-24 19:36:34,473 INFO  DemoJob:28 - Progress: mask = ?u?u?d?d?d?d?d?d for job = DemoJob
2017-07-24 19:36:34,975 INFO  DemoJob:28 - Progress: mask = ?u?l?l?l?l?u for job = DemoJob
2017-07-24 19:36:35,480 INFO  DemoJob:28 - Progress: mask = ?d?u?u?u?d?d for job = DemoJob
2017-07-24 19:36:35,982 INFO  DemoJob:28 - Progress: mask = ?u?l?d?d?l for job = DemoJob
2017-07-24 19:36:36,485 INFO  DemoJob:28 - Progress: mask = ?u?l?d?l?d for job = DemoJob
2017-07-24 19:36:36,987 INFO  DemoJob:28 - Progress: mask = ?u?u?l?l?d?d for job = DemoJob
2017-07-24 19:36:37,490 INFO  DemoJob:28 - Progress: mask = ?l?d?l?d?l?d?d for job = DemoJob
2017-07-24 19:36:37,492 INFO  Worker:47 - Finished job 'DemoJob [masks=[?s?d?l?l?l, ?l?u?l?l?l, ?l?d?d?d?d?l?l, ?u?u?d?d?d?d?d?d, ?u?l?l?l?l?u, ?d?u?u?u?d?d, ?u?l?d?d?l, ?u?l?d?l?d, ?u?u?l?l?d?d, ?l?d?l?d?l?d?d]]' in '5027 ms'
2017-07-24 19:36:37,498 DEBUG Worker:35 - submitJob(DemoJob [masks=[?l?s?d?l, ?l?l?d?s?d, ?u?u?s?d, ?u?s?d?u, ?l?d?d?l?d?d?d, ?d?u?u?d?d, ?d?u?d?d?u, ?d?d?d?d?d?d?d?d?l, ?l?l?u?u, ?u?l?l?d?l]])
2017-07-24 19:36:37,999 INFO  DemoJob:28 - Progress: mask = ?l?s?d?l for job = DemoJob
2017-07-24 19:36:38,502 INFO  DemoJob:28 - Progress: mask = ?l?l?d?s?d for job = DemoJob
2017-07-24 19:36:39,004 INFO  DemoJob:28 - Progress: mask = ?u?u?s?d for job = DemoJob
2017-07-24 19:36:39,507 INFO  DemoJob:28 - Progress: mask = ?u?s?d?u for job = DemoJob
2017-07-24 19:36:40,009 INFO  DemoJob:28 - Progress: mask = ?l?d?d?l?d?d?d for job = DemoJob
2017-07-24 19:36:40,512 INFO  DemoJob:28 - Progress: mask = ?d?u?u?d?d for job = DemoJob
2017-07-24 19:36:41,015 INFO  DemoJob:28 - Progress: mask = ?d?u?d?d?u for job = DemoJob
2017-07-24 19:36:41,517 INFO  DemoJob:28 - Progress: mask = ?d?d?d?d?d?d?d?d?l for job = DemoJob
2017-07-24 19:36:42,019 INFO  DemoJob:28 - Progress: mask = ?l?l?u?u for job = DemoJob
2017-07-24 19:36:42,522 INFO  DemoJob:28 - Progress: mask = ?u?l?l?d?l for job = DemoJob
2017-07-24 19:36:42,524 INFO  Worker:47 - Finished job 'DemoJob [masks=[?l?s?d?l, ?l?l?d?s?d, ?u?u?s?d, ?u?s?d?u, ?l?d?d?l?d?d?d, ?d?u?u?d?d, ?d?u?d?d?u, ?d?d?d?d?d?d?d?d?l, ?l?l?u?u, ?u?l?l?d?l]]' in '5025 ms'
2017-07-24 19:36:42,532 DEBUG Worker:35 - submitJob(DemoJob [masks=[?u?d?d?d?u?u, ?u?l?l?l?l?l?d, ?u?d?u?u?d?d, ?s?l?l?l?l?s, ?l?l?l?d?l?l?l, ?u?d?d?d?d?s, ?d?l?l?d?d?d?d, ?d?l?l?l?l?l?d, ?l?l?s?s?l, ?l?d?d?d?l?d?d]])
2017-07-24 19:36:43,034 INFO  DemoJob:28 - Progress: mask = ?u?d?d?d?u?u for job = DemoJob
2017-07-24 19:36:43,536 INFO  DemoJob:28 - Progress: mask = ?u?l?l?l?l?l?d for job = DemoJob
2017-07-24 19:36:44,038 INFO  DemoJob:28 - Progress: mask = ?u?d?u?u?d?d for job = DemoJob
2017-07-24 19:36:44,540 INFO  DemoJob:28 - Progress: mask = ?s?l?l?l?l?s for job = DemoJob
2017-07-24 19:36:45,043 INFO  DemoJob:28 - Progress: mask = ?l?l?l?d?l?l?l for job = DemoJob
2017-07-24 19:36:45,545 INFO  DemoJob:28 - Progress: mask = ?u?d?d?d?d?s for job = DemoJob
2017-07-24 19:36:46,047 INFO  DemoJob:28 - Progress: mask = ?d?l?l?d?d?d?d for job = DemoJob
2017-07-24 19:36:46,549 INFO  DemoJob:28 - Progress: mask = ?d?l?l?l?l?l?d for job = DemoJob
2017-07-24 19:36:47,053 INFO  DemoJob:28 - Progress: mask = ?l?l?s?s?l for job = DemoJob
2017-07-24 19:36:47,554 INFO  DemoJob:28 - Progress: mask = ?l?d?d?d?l?d?d for job = DemoJob
2017-07-24 19:36:47,557 INFO  Worker:47 - Finished job 'DemoJob [masks=[?u?d?d?d?u?u, ?u?l?l?l?l?l?d, ?u?d?u?u?d?d, ?s?l?l?l?l?s, ?l?l?l?d?l?l?l, ?u?d?d?d?d?s, ?d?l?l?d?d?d?d, ?d?l?l?l?l?l?d, ?l?l?s?s?l, ?l?d?d?d?l?d?d]]' in '5024 ms'
2017-07-24 19:36:47,562 DEBUG Worker:35 - submitJob(DemoJob [masks=[?u?s?u?s?u, ?d?d?d?d?d?d?d?s, ?d?s?d?d?d?d?d, ?u?u?s?d?d?d, ?u?u?u?d?u?u, ?l?l?d?d?l?l?l, ?l?l?l?l?l?l?l?l, ?l?u?u?u?d, ?u?u?l?l?d, ?u?l?l?u?d]])
2017-07-24 19:36:48,063 INFO  DemoJob:28 - Progress: mask = ?u?s?u?s?u for job = DemoJob
2017-07-24 19:36:48,565 INFO  DemoJob:28 - Progress: mask = ?d?d?d?d?d?d?d?s for job = DemoJob
2017-07-24 19:36:49,068 INFO  DemoJob:28 - Progress: mask = ?d?s?d?d?d?d?d for job = DemoJob
2017-07-24 19:36:49,570 INFO  DemoJob:28 - Progress: mask = ?u?u?s?d?d?d for job = DemoJob
2017-07-24 19:36:50,073 INFO  DemoJob:28 - Progress: mask = ?u?u?u?d?u?u for job = DemoJob
2017-07-24 19:36:50,576 INFO  DemoJob:28 - Progress: mask = ?l?l?d?d?l?l?l for job = DemoJob
2017-07-24 19:36:51,078 INFO  DemoJob:28 - Progress: mask = ?l?l?l?l?l?l?l?l for job = DemoJob
2017-07-24 19:36:51,581 INFO  DemoJob:28 - Progress: mask = ?l?u?u?u?d for job = DemoJob
2017-07-24 19:36:52,083 INFO  DemoJob:28 - Progress: mask = ?u?u?l?l?d for job = DemoJob
2017-07-24 19:36:52,586 INFO  DemoJob:28 - Progress: mask = ?u?l?l?u?d for job = DemoJob
2017-07-24 19:36:52,588 INFO  Worker:47 - Finished job 'DemoJob [masks=[?u?s?u?s?u, ?d?d?d?d?d?d?d?s, ?d?s?d?d?d?d?d, ?u?u?s?d?d?d, ?u?u?u?d?u?u, ?l?l?d?d?l?l?l, ?l?l?l?l?l?l?l?l, ?l?u?u?u?d, ?u?u?l?l?d, ?u?l?l?u?d]]' in '5026 ms'
2017-07-24 19:36:52,592 DEBUG Worker:35 - submitJob(DemoJob [masks=[?l?u?u?d?d, ?l?d?d?l?d?d?l, ?s?d?d?d?d?l, ?u?d?l?d?l?d, ?d?d?s?l?l?l, ?s?l?l?l?d?d, ?s?d?s?d?d, ?d?s?s?d?d, ?d?s?d?d?s?d, ?d?s?d?d?s]])
2017-07-24 19:36:53,092 INFO  DemoJob:28 - Progress: mask = ?l?u?u?d?d for job = DemoJob
2017-07-24 19:36:53,595 INFO  DemoJob:28 - Progress: mask = ?l?d?d?l?d?d?l for job = DemoJob
2017-07-24 19:36:54,095 INFO  DemoJob:28 - Progress: mask = ?s?d?d?d?d?l for job = DemoJob
2017-07-24 19:36:54,598 INFO  DemoJob:28 - Progress: mask = ?u?d?l?d?l?d for job = DemoJob
2017-07-24 19:36:55,099 INFO  DemoJob:28 - Progress: mask = ?d?d?s?l?l?l for job = DemoJob
2017-07-24 19:36:55,602 INFO  DemoJob:28 - Progress: mask = ?s?l?l?l?d?d for job = DemoJob
2017-07-24 19:36:56,104 INFO  DemoJob:28 - Progress: mask = ?s?d?s?d?d for job = DemoJob
2017-07-24 19:36:56,607 INFO  DemoJob:28 - Progress: mask = ?d?s?s?d?d for job = DemoJob
2017-07-24 19:36:57,109 INFO  DemoJob:28 - Progress: mask = ?d?s?d?d?s?d for job = DemoJob
2017-07-24 19:36:57,612 INFO  DemoJob:28 - Progress: mask = ?d?s?d?d?s for job = DemoJob
2017-07-24 19:36:57,614 INFO  Worker:47 - Finished job 'DemoJob [masks=[?l?u?u?d?d, ?l?d?d?l?d?d?l, ?s?d?d?d?d?l, ?u?d?l?d?l?d, ?d?d?s?l?l?l, ?s?l?l?l?d?d, ?s?d?s?d?d, ?d?s?s?d?d, ?d?s?d?d?s?d, ?d?s?d?d?s]]' in '5022 ms'
2017-07-24 19:36:57,618 DEBUG Worker:35 - submitJob(DemoJob [masks=[?u?l?l?s?d, ?l?s?l?d?l, ?l?l?l?d?d?d?d?d?d, ?u?l?u?u?l, ?u?d?d?d?u?d, ?d?u?d?u?d?d, ?l?s?l?s?d?d, ?s?d?d?s?d?d, ?d?d?d?d?d?d?u?u, ?u?d?l?l?d?l]])
2017-07-24 19:36:58,119 INFO  DemoJob:28 - Progress: mask = ?u?l?l?s?d for job = DemoJob
2017-07-24 19:36:58,622 INFO  DemoJob:28 - Progress: mask = ?l?s?l?d?l for job = DemoJob
2017-07-24 19:36:59,124 INFO  DemoJob:28 - Progress: mask = ?l?l?l?d?d?d?d?d?d for job = DemoJob
2017-07-24 19:36:59,627 INFO  DemoJob:28 - Progress: mask = ?u?l?u?u?l for job = DemoJob
2017-07-24 19:37:00,128 INFO  DemoJob:28 - Progress: mask = ?u?d?d?d?u?d for job = DemoJob
2017-07-24 19:37:00,631 INFO  DemoJob:28 - Progress: mask = ?d?u?d?u?d?d for job = DemoJob
2017-07-24 19:37:01,133 INFO  DemoJob:28 - Progress: mask = ?l?s?l?s?d?d for job = DemoJob
2017-07-24 19:37:01,634 INFO  DemoJob:28 - Progress: mask = ?s?d?d?s?d?d for job = DemoJob
2017-07-24 19:37:02,135 INFO  DemoJob:28 - Progress: mask = ?d?d?d?d?d?d?u?u for job = DemoJob
2017-07-24 19:37:02,670 INFO  DemoJob:28 - Progress: mask = ?u?d?l?l?d?l for job = DemoJob
2017-07-24 19:37:02,671 INFO  Worker:47 - Finished job 'DemoJob [masks=[?u?l?l?s?d, ?l?s?l?d?l, ?l?l?l?d?d?d?d?d?d, ?u?l?u?u?l, ?u?d?d?d?u?d, ?d?u?d?u?d?d, ?l?s?l?s?d?d, ?s?d?d?s?d?d, ?d?d?d?d?d?d?u?u, ?u?d?l?l?d?l]]' in '5052 ms'
2017-07-24 19:37:02,684 DEBUG Worker:35 - submitJob(DemoJob [masks=[?s?l?l?d?d, ?l?l?l?u?d?d, ?u?l?l?l?d?d?d?d, ?u?u?l?l?l?l, ?l?l?d?d?d?d?s, ?l?d?l?d?l?d?l, ?s?s?l?l?l, ?u?d?d?d?d?d?u, ?l?l?l?d?u, ?l?u?u?l]])
2017-07-24 19:37:03,187 INFO  DemoJob:28 - Progress: mask = ?s?l?l?d?d for job = DemoJob
2017-07-24 19:37:03,689 INFO  DemoJob:28 - Progress: mask = ?l?l?l?u?d?d for job = DemoJob
2017-07-24 19:37:04,190 INFO  DemoJob:28 - Progress: mask = ?u?l?l?l?d?d?d?d for job = DemoJob
2017-07-24 19:37:04,693 INFO  DemoJob:28 - Progress: mask = ?u?u?l?l?l?l for job = DemoJob
2017-07-24 19:37:05,194 INFO  DemoJob:28 - Progress: mask = ?l?l?d?d?d?d?s for job = DemoJob
2017-07-24 19:37:05,697 INFO  DemoJob:28 - Progress: mask = ?l?d?l?d?l?d?l for job = DemoJob
2017-07-24 19:37:06,210 INFO  DemoJob:28 - Progress: mask = ?s?s?l?l?l for job = DemoJob
2017-07-24 19:37:06,714 INFO  DemoJob:28 - Progress: mask = ?u?d?d?d?d?d?u for job = DemoJob
2017-07-24 19:37:07,218 INFO  DemoJob:28 - Progress: mask = ?l?l?l?d?u for job = DemoJob
2017-07-24 19:37:07,718 INFO  DemoJob:28 - Progress: mask = ?l?u?u?l for job = DemoJob
2017-07-24 19:37:07,718 INFO  Worker:47 - Finished job 'DemoJob [masks=[?s?l?l?d?d, ?l?l?l?u?d?d, ?u?l?l?l?d?d?d?d, ?u?u?l?l?l?l, ?l?l?d?d?d?d?s, ?l?d?l?d?l?d?l, ?s?s?l?l?l, ?u?d?d?d?d?d?u, ?l?l?l?d?u, ?l?u?u?l]]' in '5031 ms'
2017-07-24 19:37:07,721 DEBUG Worker:35 - submitJob(DemoJob [masks=[?l?d?d?d?s?d, ?l?d?s?d?d?d, ?d?d?u?u?u?d?d, ?d?d?d?s?s?s, ?u?u?u?s?s, ?l?l?l?l?d?d?s, ?l?s?l?s?d, ?l?l?s?l?d, ?d?d?d?l?l?l?d, ?l?l?l?l?d?l?l]])
2017-07-24 19:37:08,222 INFO  DemoJob:28 - Progress: mask = ?l?d?d?d?s?d for job = DemoJob
2017-07-24 19:37:08,724 INFO  DemoJob:28 - Progress: mask = ?l?d?s?d?d?d for job = DemoJob
2017-07-24 19:37:09,227 INFO  DemoJob:28 - Progress: mask = ?d?d?u?u?u?d?d for job = DemoJob
2017-07-24 19:37:09,728 INFO  DemoJob:28 - Progress: mask = ?d?d?d?s?s?s for job = DemoJob
2017-07-24 19:37:10,231 INFO  DemoJob:28 - Progress: mask = ?u?u?u?s?s for job = DemoJob
2017-07-24 19:37:10,733 INFO  DemoJob:28 - Progress: mask = ?l?l?l?l?d?d?s for job = DemoJob
2017-07-24 19:37:11,236 INFO  DemoJob:28 - Progress: mask = ?l?s?l?s?d for job = DemoJob
2017-07-24 19:37:11,737 INFO  DemoJob:28 - Progress: mask = ?l?l?s?l?d for job = DemoJob
2017-07-24 19:37:12,241 INFO  DemoJob:28 - Progress: mask = ?d?d?d?l?l?l?d for job = DemoJob
2017-07-24 19:37:12,744 INFO  DemoJob:28 - Progress: mask = ?l?l?l?l?d?l?l for job = DemoJob
2017-07-24 19:37:12,744 INFO  Worker:47 - Finished job 'DemoJob [masks=[?l?d?d?d?s?d, ?l?d?s?d?d?d, ?d?d?u?u?u?d?d, ?d?d?d?s?s?s, ?u?u?u?s?s, ?l?l?l?l?d?d?s, ?l?s?l?s?d, ?l?l?s?l?d, ?d?d?d?l?l?l?d, ?l?l?l?l?d?l?l]]' in '5023 ms'
2017-07-24 19:37:12,745 DEBUG Worker:35 - submitJob(DemoJob [masks=[?l?u?s?l, ?d?d?l?l?l?l?d?d, ?l?s?d?d?d?d?d, ?d?d?l?u?l, ?d?d?l?l?u, ?l?l?d?d?u, ?u?l?d?u?d, ?l?l?l?l?l?s?d, ?d?d?d?d?d?s?l, ?u?l?l?d?l?l]])
2017-07-24 19:37:13,247 INFO  DemoJob:28 - Progress: mask = ?l?u?s?l for job = DemoJob
2017-07-24 19:37:13,751 INFO  DemoJob:28 - Progress: mask = ?d?d?l?l?l?l?d?d for job = DemoJob
2017-07-24 19:37:14,254 INFO  DemoJob:28 - Progress: mask = ?l?s?d?d?d?d?d for job = DemoJob
2017-07-24 19:37:14,757 INFO  DemoJob:28 - Progress: mask = ?d?d?l?u?l for job = DemoJob
2017-07-24 19:37:15,258 INFO  DemoJob:28 - Progress: mask = ?d?d?l?l?u for job = DemoJob
2017-07-24 19:37:15,761 INFO  DemoJob:28 - Progress: mask = ?l?l?d?d?u for job = DemoJob
2017-07-24 19:37:16,263 INFO  DemoJob:28 - Progress: mask = ?u?l?d?u?d for job = DemoJob
2017-07-24 19:37:16,766 INFO  DemoJob:28 - Progress: mask = ?l?l?l?l?l?s?d for job = DemoJob
2017-07-24 19:37:17,268 INFO  DemoJob:28 - Progress: mask = ?d?d?d?d?d?s?l for job = DemoJob
2017-07-24 19:37:17,770 INFO  DemoJob:28 - Progress: mask = ?u?l?l?d?l?l for job = DemoJob
2017-07-24 19:37:17,773 INFO  Worker:47 - Finished job 'DemoJob [masks=[?l?u?s?l, ?d?d?l?l?l?l?d?d, ?l?s?d?d?d?d?d, ?d?d?l?u?l, ?d?d?l?l?u, ?l?l?d?d?u, ?u?l?d?u?d, ?l?l?l?l?l?s?d, ?d?d?d?d?d?s?l, ?u?l?l?d?l?l]]' in '5026 ms'
2017-07-24 19:37:17,776 DEBUG Worker:35 - submitJob(DemoJob [masks=[?l?d?l?l?l?l?l, ?d?d?l?l?d?d?d?d, ?d?d?d?d?l?d?d?d, ?l?d?d?u?d, ?d?d?d?u?d?u, ?l?l?d?l?d?d?d, ?u?d?l?d?u?d, ?d?u?l?d?d, ?d?u?d?d?l, ?d?d?d?d?d?s?s]])
2017-07-24 19:37:18,278 INFO  DemoJob:28 - Progress: mask = ?l?d?l?l?l?l?l for job = DemoJob
2017-07-24 19:37:18,781 INFO  DemoJob:28 - Progress: mask = ?d?d?l?l?d?d?d?d for job = DemoJob
2017-07-24 19:37:19,282 INFO  DemoJob:28 - Progress: mask = ?d?d?d?d?l?d?d?d for job = DemoJob
2017-07-24 19:37:19,785 INFO  DemoJob:28 - Progress: mask = ?l?d?d?u?d for job = DemoJob
2017-07-24 19:37:20,287 INFO  DemoJob:28 - Progress: mask = ?d?d?d?u?d?u for job = DemoJob
2017-07-24 19:37:20,790 INFO  DemoJob:28 - Progress: mask = ?l?l?d?l?d?d?d for job = DemoJob
2017-07-24 19:37:21,292 INFO  DemoJob:28 - Progress: mask = ?u?d?l?d?u?d for job = DemoJob
2017-07-24 19:37:21,795 INFO  DemoJob:28 - Progress: mask = ?d?u?l?d?d for job = DemoJob
2017-07-24 19:37:22,297 INFO  DemoJob:28 - Progress: mask = ?d?u?d?d?l for job = DemoJob
2017-07-24 19:37:22,799 INFO  DemoJob:28 - Progress: mask = ?d?d?d?d?d?s?s for job = DemoJob
2017-07-24 19:37:22,800 INFO  Worker:47 - Finished job 'DemoJob [masks=[?l?d?l?l?l?l?l, ?d?d?l?l?d?d?d?d, ?d?d?d?d?l?d?d?d, ?l?d?d?u?d, ?d?d?d?u?d?u, ?l?l?d?l?d?d?d, ?u?d?l?d?u?d, ?d?u?l?d?d, ?d?u?d?d?l, ?d?d?d?d?d?s?s]]' in '5023 ms'
2017-07-24 19:37:22,802 DEBUG Worker:35 - submitJob(DemoJob [masks=[?d?l?d?l?s, ?d?s?d?l?l, ?s?l?l?d?d?d, ?d?l?s?l?d, ?l?l?d?d?s?s, ?u?u?d?l?l, ?l?u?l?u?d, ?d?d?d?l?l?d?d?d, ?l?l?u?u?d?d, ?u?l?l?d?d?l]])
2017-07-24 19:37:23,303 INFO  DemoJob:28 - Progress: mask = ?d?l?d?l?s for job = DemoJob
2017-07-24 19:37:23,807 INFO  DemoJob:28 - Progress: mask = ?d?s?d?l?l for job = DemoJob
2017-07-24 19:37:24,310 INFO  DemoJob:28 - Progress: mask = ?s?l?l?d?d?d for job = DemoJob
2017-07-24 19:37:24,813 INFO  DemoJob:28 - Progress: mask = ?d?l?s?l?d for job = DemoJob
2017-07-24 19:37:25,315 INFO  DemoJob:28 - Progress: mask = ?l?l?d?d?s?s for job = DemoJob
2017-07-24 19:37:25,818 INFO  DemoJob:28 - Progress: mask = ?u?u?d?l?l for job = DemoJob
2017-07-24 19:37:26,321 INFO  DemoJob:28 - Progress: mask = ?l?u?l?u?d for job = DemoJob
2017-07-24 19:37:26,824 INFO  DemoJob:28 - Progress: mask = ?d?d?d?l?l?d?d?d for job = DemoJob
2017-07-24 19:37:27,326 INFO  DemoJob:28 - Progress: mask = ?l?l?u?u?d?d for job = DemoJob
2017-07-24 19:37:27,826 INFO  DemoJob:28 - Progress: mask = ?u?l?l?d?d?l for job = DemoJob
2017-07-24 19:37:27,828 INFO  Worker:47 - Finished job 'DemoJob [masks=[?d?l?d?l?s, ?d?s?d?l?l, ?s?l?l?d?d?d, ?d?l?s?l?d, ?l?l?d?d?s?s, ?u?u?d?l?l, ?l?u?l?u?d, ?d?d?d?l?l?d?d?d, ?l?l?u?u?d?d, ?u?l?l?d?d?l]]' in '5024 ms'
2017-07-24 19:37:27,832 DEBUG Worker:35 - submitJob(DemoJob [masks=[?d?d?d?l?s, ?u?d?d?s?d, ?l?d?s?d?d, ?d?d?d?u?s, ?d?s?d?l?d, ?u?l?l?d?l?d, ?d?l?d?l?u, ?u?l?d?l?d?d, ?u?d?d?l?u, ?d?d?l?u?u]])
2017-07-24 19:37:28,333 INFO  DemoJob:28 - Progress: mask = ?d?d?d?l?s for job = DemoJob
2017-07-24 19:37:28,835 INFO  DemoJob:28 - Progress: mask = ?u?d?d?s?d for job = DemoJob
2017-07-24 19:37:29,338 INFO  DemoJob:28 - Progress: mask = ?l?d?s?d?d for job = DemoJob
2017-07-24 19:37:29,840 INFO  DemoJob:28 - Progress: mask = ?d?d?d?u?s for job = DemoJob
2017-07-24 19:37:30,342 INFO  DemoJob:28 - Progress: mask = ?d?s?d?l?d for job = DemoJob
2017-07-24 19:37:30,843 INFO  DemoJob:28 - Progress: mask = ?u?l?l?d?l?d for job = DemoJob
2017-07-24 19:37:31,349 INFO  DemoJob:28 - Progress: mask = ?d?l?d?l?u for job = DemoJob
2017-07-24 19:37:31,851 INFO  DemoJob:28 - Progress: mask = ?u?l?d?l?d?d for job = DemoJob
2017-07-24 19:37:32,354 INFO  DemoJob:28 - Progress: mask = ?u?d?d?l?u for job = DemoJob
2017-07-24 19:37:32,856 INFO  DemoJob:28 - Progress: mask = ?d?d?l?u?u for job = DemoJob
2017-07-24 19:37:32,859 INFO  Worker:47 - Finished job 'DemoJob [masks=[?d?d?d?l?s, ?u?d?d?s?d, ?l?d?s?d?d, ?d?d?d?u?s, ?d?s?d?l?d, ?u?l?l?d?l?d, ?d?l?d?l?u, ?u?l?d?l?d?d, ?u?d?d?l?u, ?d?d?l?u?u]]' in '5026 ms'
2017-07-24 19:37:32,863 DEBUG Worker:35 - submitJob(DemoJob [masks=[?l?l?l?s?l?d, ?d?d?d?d?d?d?d?d?d?d?d, ?u?u?d?d?d?s, ?d?l?d?l?d?d?d, ?l?s?s?d?d, ?l?d?l?l?d?l?d, ?u?l?d?l?l?d, ?u?u?u?d?d?l, ?l?l?u?l?d?d, ?d?d?d?d?u?s]])
2017-07-24 19:37:33,365 INFO  DemoJob:28 - Progress: mask = ?l?l?l?s?l?d for job = DemoJob
2017-07-24 19:37:33,867 INFO  DemoJob:28 - Progress: mask = ?d?d?d?d?d?d?d?d?d?d?d for job = DemoJob
2017-07-24 19:37:34,369 INFO  DemoJob:28 - Progress: mask = ?u?u?d?d?d?s for job = DemoJob
2017-07-24 19:37:34,871 INFO  DemoJob:28 - Progress: mask = ?d?l?d?l?d?d?d for job = DemoJob
2017-07-24 19:37:35,373 INFO  DemoJob:28 - Progress: mask = ?l?s?s?d?d for job = DemoJob
2017-07-24 19:37:35,880 INFO  DemoJob:28 - Progress: mask = ?l?d?l?l?d?l?d for job = DemoJob
2017-07-24 19:37:36,383 INFO  DemoJob:28 - Progress: mask = ?u?l?d?l?l?d for job = DemoJob
2017-07-24 19:37:36,884 INFO  DemoJob:28 - Progress: mask = ?u?u?u?d?d?l for job = DemoJob
2017-07-24 19:37:37,385 INFO  DemoJob:28 - Progress: mask = ?l?l?u?l?d?d for job = DemoJob
2017-07-24 19:37:37,886 INFO  DemoJob:28 - Progress: mask = ?d?d?d?d?u?s for job = DemoJob
2017-07-24 19:37:37,889 INFO  Worker:47 - Finished job 'DemoJob [masks=[?l?l?l?s?l?d, ?d?d?d?d?d?d?d?d?d?d?d, ?u?u?d?d?d?s, ?d?l?d?l?d?d?d, ?l?s?s?d?d, ?l?d?l?l?d?l?d, ?u?l?d?l?l?d, ?u?u?u?d?d?l, ?l?l?u?l?d?d, ?d?d?d?d?u?s]]' in '5025 ms'
2017-07-24 19:37:37,894 DEBUG Worker:35 - submitJob(DemoJob [masks=[?l?l?d?d?d?d?l?l, ?d?s?d?d?l?l, ?u?d?l?d?l?l, ?u?d?d?d?d?d?l, ?u?s?u?l?l, ?l?u?u?u?l, ?u?u?l?l?u, ?l?l?u?u?l, ?d?d?d?d?d?u?d, ?d?d?d?s?l?l?l]])
2017-07-24 19:37:38,395 INFO  DemoJob:28 - Progress: mask = ?l?l?d?d?d?d?l?l for job = DemoJob
2017-07-24 19:37:38,896 INFO  DemoJob:28 - Progress: mask = ?d?s?d?d?l?l for job = DemoJob
2017-07-24 19:37:39,399 INFO  DemoJob:28 - Progress: mask = ?u?d?l?d?l?l for job = DemoJob
2017-07-24 19:37:39,903 INFO  DemoJob:28 - Progress: mask = ?u?d?d?d?d?d?l for job = DemoJob
2017-07-24 19:37:40,408 INFO  DemoJob:28 - Progress: mask = ?u?s?u?l?l for job = DemoJob
2017-07-24 19:37:40,911 INFO  DemoJob:28 - Progress: mask = ?l?u?u?u?l for job = DemoJob
2017-07-24 19:37:41,415 INFO  DemoJob:28 - Progress: mask = ?u?u?l?l?u for job = DemoJob
2017-07-24 19:37:41,915 INFO  DemoJob:28 - Progress: mask = ?l?l?u?u?l for job = DemoJob
2017-07-24 19:37:42,418 INFO  DemoJob:28 - Progress: mask = ?d?d?d?d?d?u?d for job = DemoJob
2017-07-24 19:37:42,919 INFO  DemoJob:28 - Progress: mask = ?d?d?d?s?l?l?l for job = DemoJob
2017-07-24 19:37:42,920 INFO  Worker:47 - Finished job 'DemoJob [masks=[?l?l?d?d?d?d?l?l, ?d?s?d?d?l?l, ?u?d?l?d?l?l, ?u?d?d?d?d?d?l, ?u?s?u?l?l, ?l?u?u?u?l, ?u?u?l?l?u, ?l?l?u?u?l, ?d?d?d?d?d?u?d, ?d?d?d?s?l?l?l]]' in '5026 ms'
2017-07-24 19:37:42,922 INFO  Worker:95 - Master called node to terminate. Terminating.
2017-07-24 19:37:42,931 INFO  Worker:77 - #id = 2
2017-07-24 19:37:42,970 INFO  Worker:78 - #Total worker runtime: 00:02:16
2017-07-24 19:37:42,971 INFO  Worker:79 - #submitJob = 27
2017-07-24 19:37:42,972 INFO  Worker:80 - #totalJobDuration = 00:02:15
